2021-05-14 17:04:02,410 [background-preinit] INFO  org.hibernate.validator.internal.util.Version(<clinit>:21) - HV000001: Hibernate Validator 6.1.5.Final
2021-05-14 17:04:02,497 [main] INFO  io.spring.backoffice_batch.BackofficeBatchApplication(logStarting:55) - Starting BackofficeBatchApplication on DESKTOP-DD3UDDS with PID 19844 (C:\code\java\backoffice_projects\backoffice_batch\build\classes\java\main started by 박선홍 in C:\code\java\backoffice_projects\backoffice_batch)
2021-05-14 17:04:02,503 [main] DEBUG io.spring.backoffice_batch.BackofficeBatchApplication(logStarting:56) - Running with Spring Boot v2.3.4.RELEASE, Spring v5.2.9.RELEASE
2021-05-14 17:04:02,505 [main] INFO  io.spring.backoffice_batch.BackofficeBatchApplication(logStartupProfileInfo:651) - No active profile set, falling back to default profiles: default
2021-05-14 17:04:03,619 [main] INFO  org.springframework.data.repository.config.RepositoryConfigurationDelegate(registerRepositoriesIn:127) - Bootstrapping Spring Data JPA repositories in DEFERRED mode.
2021-05-14 17:04:03,642 [main] INFO  org.springframework.data.repository.config.RepositoryConfigurationDelegate(registerRepositoriesIn:187) - Finished Spring Data repository scanning in 10ms. Found 0 JPA repository interfaces.
2021-05-14 17:04:03,821 [main] WARN  org.mybatis.spring.mapper.ClassPathMapperScanner(warn:44) - No MyBatis mapper was found in '[io.spring.backoffice_batch]' package. Please check your configuration.
2021-05-14 17:04:04,385 [main] INFO  org.springframework.boot.web.embedded.tomcat.TomcatWebServer(initialize:108) - Tomcat initialized with port(s): 8081 (http)
2021-05-14 17:04:04,397 [main] INFO  org.apache.coyote.http11.Http11NioProtocol(log:173) - Initializing ProtocolHandler ["http-nio-8081"]
2021-05-14 17:04:04,398 [main] INFO  org.apache.catalina.core.StandardService(log:173) - Starting service [Tomcat]
2021-05-14 17:04:04,398 [main] INFO  org.apache.catalina.core.StandardEngine(log:173) - Starting Servlet engine: [Apache Tomcat/9.0.38]
2021-05-14 17:04:04,644 [main] INFO  org.apache.catalina.core.ContainerBase.[Tomcat].[localhost].[/](log:173) - Initializing Spring embedded WebApplicationContext
2021-05-14 17:04:04,644 [main] INFO  org.springframework.boot.web.servlet.context.ServletWebServerApplicationContext(prepareWebApplicationContext:285) - Root WebApplicationContext: initialization completed in 2035 ms
2021-05-14 17:04:04,816 [main] INFO  org.flywaydb.core.internal.license.VersionPrinter(info:49) - Flyway Community Edition 6.4.4 by Redgate
2021-05-14 17:04:04,900 [main] WARN  org.flywaydb.core.internal.scanner.classpath.ClassPathScanner(warn:53) - Unable to resolve location classpath:db/migration. Note this warning will become an error in Flyway 7.
2021-05-14 17:04:04,903 [main] INFO  com.zaxxer.hikari.HikariDataSource(getConnection:110) - HikariPool-1 - Starting...
2021-05-14 17:04:04,922 [main] WARN  org.springframework.boot.web.servlet.context.AnnotationConfigServletWebServerApplicationContext(refresh:559) - Exception encountered during context initialization - cancelling refresh attempt: org.springframework.beans.factory.BeanCreationException: Error creating bean with name 'flywayInitializer' defined in class path resource [org/springframework/boot/autoconfigure/flyway/FlywayAutoConfiguration$FlywayConfiguration.class]: Invocation of init method failed; nested exception is java.lang.RuntimeException: Driver com.mysql.cj.jdbc.Driver claims to not accept jdbcUrl, jdbc:h2:mem:696622cd-84f7-49e9-8d45-158bb00ab5a8;DB_CLOSE_DELAY=-1;DB_CLOSE_ON_EXIT=FALSE
2021-05-14 17:04:04,927 [main] INFO  org.apache.catalina.core.StandardService(log:173) - Stopping service [Tomcat]
2021-05-14 17:04:04,945 [main] INFO  org.springframework.boot.autoconfigure.logging.ConditionEvaluationReportLoggingListener(logMessage:136) - 

Error starting ApplicationContext. To display the conditions report re-run your application with 'debug' enabled.
2021-05-14 17:04:04,960 [main] ERROR org.springframework.boot.SpringApplication(reportFailure:837) - Application run failed
org.springframework.beans.factory.BeanCreationException: Error creating bean with name 'flywayInitializer' defined in class path resource [org/springframework/boot/autoconfigure/flyway/FlywayAutoConfiguration$FlywayConfiguration.class]: Invocation of init method failed; nested exception is java.lang.RuntimeException: Driver com.mysql.cj.jdbc.Driver claims to not accept jdbcUrl, jdbc:h2:mem:696622cd-84f7-49e9-8d45-158bb00ab5a8;DB_CLOSE_DELAY=-1;DB_CLOSE_ON_EXIT=FALSE
	at org.springframework.beans.factory.support.AbstractAutowireCapableBeanFactory.initializeBean(AbstractAutowireCapableBeanFactory.java:1794) ~[spring-beans-5.2.9.RELEASE.jar:5.2.9.RELEASE]
	at org.springframework.beans.factory.support.AbstractAutowireCapableBeanFactory.doCreateBean(AbstractAutowireCapableBeanFactory.java:594) ~[spring-beans-5.2.9.RELEASE.jar:5.2.9.RELEASE]
	at org.springframework.beans.factory.support.AbstractAutowireCapableBeanFactory.createBean(AbstractAutowireCapableBeanFactory.java:516) ~[spring-beans-5.2.9.RELEASE.jar:5.2.9.RELEASE]
	at org.springframework.beans.factory.support.AbstractBeanFactory.lambda$doGetBean$0(AbstractBeanFactory.java:324) ~[spring-beans-5.2.9.RELEASE.jar:5.2.9.RELEASE]
	at org.springframework.beans.factory.support.DefaultSingletonBeanRegistry.getSingleton(DefaultSingletonBeanRegistry.java:234) ~[spring-beans-5.2.9.RELEASE.jar:5.2.9.RELEASE]
	at org.springframework.beans.factory.support.AbstractBeanFactory.doGetBean(AbstractBeanFactory.java:322) ~[spring-beans-5.2.9.RELEASE.jar:5.2.9.RELEASE]
	at org.springframework.beans.factory.support.AbstractBeanFactory.getBean(AbstractBeanFactory.java:202) ~[spring-beans-5.2.9.RELEASE.jar:5.2.9.RELEASE]
	at org.springframework.beans.factory.support.AbstractBeanFactory.doGetBean(AbstractBeanFactory.java:311) ~[spring-beans-5.2.9.RELEASE.jar:5.2.9.RELEASE]
	at org.springframework.beans.factory.support.AbstractBeanFactory.getBean(AbstractBeanFactory.java:202) ~[spring-beans-5.2.9.RELEASE.jar:5.2.9.RELEASE]
	at org.springframework.context.support.AbstractApplicationContext.getBean(AbstractApplicationContext.java:1109) ~[spring-context-5.2.9.RELEASE.jar:5.2.9.RELEASE]
	at org.springframework.context.support.AbstractApplicationContext.finishBeanFactoryInitialization(AbstractApplicationContext.java:869) ~[spring-context-5.2.9.RELEASE.jar:5.2.9.RELEASE]
	at org.springframework.context.support.AbstractApplicationContext.refresh(AbstractApplicationContext.java:551) ~[spring-context-5.2.9.RELEASE.jar:5.2.9.RELEASE]
	at org.springframework.boot.web.servlet.context.ServletWebServerApplicationContext.refresh(ServletWebServerApplicationContext.java:143) ~[spring-boot-2.3.4.RELEASE.jar:2.3.4.RELEASE]
	at org.springframework.boot.SpringApplication.refresh(SpringApplication.java:758) ~[spring-boot-2.3.4.RELEASE.jar:2.3.4.RELEASE]
	at org.springframework.boot.SpringApplication.refresh(SpringApplication.java:750) [spring-boot-2.3.4.RELEASE.jar:2.3.4.RELEASE]
	at org.springframework.boot.SpringApplication.refreshContext(SpringApplication.java:397) [spring-boot-2.3.4.RELEASE.jar:2.3.4.RELEASE]
	at org.springframework.boot.SpringApplication.run(SpringApplication.java:315) [spring-boot-2.3.4.RELEASE.jar:2.3.4.RELEASE]
	at org.springframework.boot.SpringApplication.run(SpringApplication.java:1237) [spring-boot-2.3.4.RELEASE.jar:2.3.4.RELEASE]
	at org.springframework.boot.SpringApplication.run(SpringApplication.java:1226) [spring-boot-2.3.4.RELEASE.jar:2.3.4.RELEASE]
	at io.spring.backoffice_batch.BackofficeBatchApplication.main(BackofficeBatchApplication.java:12) [main/:?]
Caused by: java.lang.RuntimeException: Driver com.mysql.cj.jdbc.Driver claims to not accept jdbcUrl, jdbc:h2:mem:696622cd-84f7-49e9-8d45-158bb00ab5a8;DB_CLOSE_DELAY=-1;DB_CLOSE_ON_EXIT=FALSE
	at com.zaxxer.hikari.util.DriverDataSource.<init>(DriverDataSource.java:110) ~[HikariCP-3.4.5.jar:?]
	at com.zaxxer.hikari.pool.PoolBase.initializeDataSource(PoolBase.java:325) ~[HikariCP-3.4.5.jar:?]
	at com.zaxxer.hikari.pool.PoolBase.<init>(PoolBase.java:114) ~[HikariCP-3.4.5.jar:?]
	at com.zaxxer.hikari.pool.HikariPool.<init>(HikariPool.java:108) ~[HikariCP-3.4.5.jar:?]
	at com.zaxxer.hikari.HikariDataSource.getConnection(HikariDataSource.java:112) ~[HikariCP-3.4.5.jar:?]
	at org.flywaydb.core.internal.jdbc.JdbcUtils.openConnection(JdbcUtils.java:56) ~[flyway-core-6.4.4.jar:?]
	at org.flywaydb.core.internal.jdbc.JdbcConnectionFactory.<init>(JdbcConnectionFactory.java:80) ~[flyway-core-6.4.4.jar:?]
	at org.flywaydb.core.Flyway.execute(Flyway.java:456) ~[flyway-core-6.4.4.jar:?]
	at org.flywaydb.core.Flyway.migrate(Flyway.java:159) ~[flyway-core-6.4.4.jar:?]
	at org.springframework.boot.autoconfigure.flyway.FlywayMigrationInitializer.afterPropertiesSet(FlywayMigrationInitializer.java:65) ~[spring-boot-autoconfigure-2.3.4.RELEASE.jar:2.3.4.RELEASE]
	at org.springframework.beans.factory.support.AbstractAutowireCapableBeanFactory.invokeInitMethods(AbstractAutowireCapableBeanFactory.java:1853) ~[spring-beans-5.2.9.RELEASE.jar:5.2.9.RELEASE]
	at org.springframework.beans.factory.support.AbstractAutowireCapableBeanFactory.initializeBean(AbstractAutowireCapableBeanFactory.java:1790) ~[spring-beans-5.2.9.RELEASE.jar:5.2.9.RELEASE]
	... 19 more
2021-05-14 17:05:26,001 [background-preinit] INFO  org.hibernate.validator.internal.util.Version(<clinit>:21) - HV000001: Hibernate Validator 6.1.5.Final
2021-05-14 17:05:26,080 [main] INFO  io.spring.backoffice_batch.BackofficeBatchApplication(logStarting:55) - Starting BackofficeBatchApplication on DESKTOP-DD3UDDS with PID 8156 (C:\code\java\backoffice_projects\backoffice_batch\build\classes\java\main started by 박선홍 in C:\code\java\backoffice_projects\backoffice_batch)
2021-05-14 17:05:26,085 [main] DEBUG io.spring.backoffice_batch.BackofficeBatchApplication(logStarting:56) - Running with Spring Boot v2.3.4.RELEASE, Spring v5.2.9.RELEASE
2021-05-14 17:05:26,087 [main] INFO  io.spring.backoffice_batch.BackofficeBatchApplication(logStartupProfileInfo:651) - No active profile set, falling back to default profiles: default
2021-05-14 17:05:27,189 [main] INFO  org.springframework.data.repository.config.RepositoryConfigurationDelegate(registerRepositoriesIn:127) - Bootstrapping Spring Data JPA repositories in DEFERRED mode.
2021-05-14 17:05:27,211 [main] INFO  org.springframework.data.repository.config.RepositoryConfigurationDelegate(registerRepositoriesIn:187) - Finished Spring Data repository scanning in 11ms. Found 0 JPA repository interfaces.
2021-05-14 17:05:27,393 [main] WARN  org.mybatis.spring.mapper.ClassPathMapperScanner(warn:44) - No MyBatis mapper was found in '[io.spring.backoffice_batch]' package. Please check your configuration.
2021-05-14 17:05:28,014 [main] INFO  org.springframework.boot.web.embedded.tomcat.TomcatWebServer(initialize:108) - Tomcat initialized with port(s): 8081 (http)
2021-05-14 17:05:28,027 [main] INFO  org.apache.coyote.http11.Http11NioProtocol(log:173) - Initializing ProtocolHandler ["http-nio-8081"]
2021-05-14 17:05:28,027 [main] INFO  org.apache.catalina.core.StandardService(log:173) - Starting service [Tomcat]
2021-05-14 17:05:28,028 [main] INFO  org.apache.catalina.core.StandardEngine(log:173) - Starting Servlet engine: [Apache Tomcat/9.0.38]
2021-05-14 17:05:28,280 [main] INFO  org.apache.catalina.core.ContainerBase.[Tomcat].[localhost].[/](log:173) - Initializing Spring embedded WebApplicationContext
2021-05-14 17:05:28,280 [main] INFO  org.springframework.boot.web.servlet.context.ServletWebServerApplicationContext(prepareWebApplicationContext:285) - Root WebApplicationContext: initialization completed in 2089 ms
2021-05-14 17:05:28,430 [main] WARN  org.springframework.boot.web.servlet.context.AnnotationConfigServletWebServerApplicationContext(refresh:559) - Exception encountered during context initialization - cancelling refresh attempt: org.springframework.beans.factory.UnsatisfiedDependencyException: Error creating bean with name 'flywayInitializer' defined in class path resource [org/springframework/boot/autoconfigure/flyway/FlywayAutoConfiguration$FlywayConfiguration.class]: Unsatisfied dependency expressed through method 'flywayInitializer' parameter 0; nested exception is org.springframework.beans.factory.BeanCreationException: Error creating bean with name 'flyway' defined in class path resource [org/springframework/boot/autoconfigure/flyway/FlywayAutoConfiguration$FlywayConfiguration.class]: Bean instantiation via factory method failed; nested exception is org.springframework.beans.BeanInstantiationException: Failed to instantiate [org.flywaydb.core.Flyway]: Factory method 'flyway' threw exception; nested exception is org.springframework.boot.autoconfigure.flyway.FlywayMigrationScriptMissingException: Cannot find migration scripts in: [classpath:db/migration] (please add migration scripts or check your Flyway configuration)
2021-05-14 17:05:28,434 [main] INFO  org.apache.catalina.core.StandardService(log:173) - Stopping service [Tomcat]
2021-05-14 17:05:28,452 [main] INFO  org.springframework.boot.autoconfigure.logging.ConditionEvaluationReportLoggingListener(logMessage:136) - 

Error starting ApplicationContext. To display the conditions report re-run your application with 'debug' enabled.
2021-05-14 17:05:28,456 [main] ERROR org.springframework.boot.diagnostics.LoggingFailureAnalysisReporter(report:40) - 

***************************
APPLICATION FAILED TO START
***************************

Description:

Flyway failed to initialize: none of the following migration scripts locations could be found:

	- classpath:db/migration


Action:

Review the locations above or check your Flyway configuration

2021-05-14 17:06:54,386 [background-preinit] INFO  org.hibernate.validator.internal.util.Version(<clinit>:21) - HV000001: Hibernate Validator 6.1.5.Final
2021-05-14 17:06:54,516 [main] INFO  io.spring.backoffice_batch.BackofficeBatchApplication(logStarting:55) - Starting BackofficeBatchApplication on DESKTOP-DD3UDDS with PID 19712 (C:\code\java\backoffice_projects\backoffice_batch\build\classes\java\main started by 박선홍 in C:\code\java\backoffice_projects\backoffice_batch)
2021-05-14 17:06:54,524 [main] DEBUG io.spring.backoffice_batch.BackofficeBatchApplication(logStarting:56) - Running with Spring Boot v2.3.4.RELEASE, Spring v5.2.9.RELEASE
2021-05-14 17:06:54,526 [main] INFO  io.spring.backoffice_batch.BackofficeBatchApplication(logStartupProfileInfo:651) - No active profile set, falling back to default profiles: default
2021-05-14 17:06:56,306 [main] INFO  org.springframework.data.repository.config.RepositoryConfigurationDelegate(registerRepositoriesIn:127) - Bootstrapping Spring Data JPA repositories in DEFERRED mode.
2021-05-14 17:06:56,338 [main] INFO  org.springframework.data.repository.config.RepositoryConfigurationDelegate(registerRepositoriesIn:187) - Finished Spring Data repository scanning in 17ms. Found 0 JPA repository interfaces.
2021-05-14 17:06:56,679 [main] WARN  org.mybatis.spring.mapper.ClassPathMapperScanner(warn:44) - No MyBatis mapper was found in '[io.spring.backoffice_batch]' package. Please check your configuration.
2021-05-14 17:06:57,729 [main] INFO  org.springframework.boot.web.embedded.tomcat.TomcatWebServer(initialize:108) - Tomcat initialized with port(s): 8081 (http)
2021-05-14 17:06:57,759 [main] INFO  org.apache.coyote.http11.Http11NioProtocol(log:173) - Initializing ProtocolHandler ["http-nio-8081"]
2021-05-14 17:06:57,760 [main] INFO  org.apache.catalina.core.StandardService(log:173) - Starting service [Tomcat]
2021-05-14 17:06:57,761 [main] INFO  org.apache.catalina.core.StandardEngine(log:173) - Starting Servlet engine: [Apache Tomcat/9.0.38]
2021-05-14 17:06:58,279 [main] INFO  org.apache.catalina.core.ContainerBase.[Tomcat].[localhost].[/](log:173) - Initializing Spring embedded WebApplicationContext
2021-05-14 17:06:58,280 [main] INFO  org.springframework.boot.web.servlet.context.ServletWebServerApplicationContext(prepareWebApplicationContext:285) - Root WebApplicationContext: initialization completed in 3603 ms
2021-05-14 17:06:58,603 [main] INFO  org.flywaydb.core.internal.license.VersionPrinter(info:49) - Flyway Community Edition 6.4.4 by Redgate
2021-05-14 17:06:58,766 [main] WARN  org.flywaydb.core.internal.scanner.classpath.ClassPathScanner(warn:53) - Unable to resolve location classpath:db/migration. Note this warning will become an error in Flyway 7.
2021-05-14 17:06:58,774 [main] INFO  com.zaxxer.hikari.HikariDataSource(getConnection:110) - HikariPool-1 - Starting...
2021-05-14 17:06:58,804 [main] WARN  org.springframework.boot.web.servlet.context.AnnotationConfigServletWebServerApplicationContext(refresh:559) - Exception encountered during context initialization - cancelling refresh attempt: org.springframework.beans.factory.BeanCreationException: Error creating bean with name 'flywayInitializer' defined in class path resource [org/springframework/boot/autoconfigure/flyway/FlywayAutoConfiguration$FlywayConfiguration.class]: Invocation of init method failed; nested exception is java.lang.RuntimeException: Driver com.mysql.cj.jdbc.Driver claims to not accept jdbcUrl, jdbc:h2:mem:dc07b5e4-b5ee-49c4-8977-3dbcc92d7a88;DB_CLOSE_DELAY=-1;DB_CLOSE_ON_EXIT=FALSE
2021-05-14 17:06:58,812 [main] INFO  org.apache.catalina.core.StandardService(log:173) - Stopping service [Tomcat]
2021-05-14 17:06:58,842 [main] INFO  org.springframework.boot.autoconfigure.logging.ConditionEvaluationReportLoggingListener(logMessage:136) - 

Error starting ApplicationContext. To display the conditions report re-run your application with 'debug' enabled.
2021-05-14 17:06:58,875 [main] ERROR org.springframework.boot.SpringApplication(reportFailure:837) - Application run failed
org.springframework.beans.factory.BeanCreationException: Error creating bean with name 'flywayInitializer' defined in class path resource [org/springframework/boot/autoconfigure/flyway/FlywayAutoConfiguration$FlywayConfiguration.class]: Invocation of init method failed; nested exception is java.lang.RuntimeException: Driver com.mysql.cj.jdbc.Driver claims to not accept jdbcUrl, jdbc:h2:mem:dc07b5e4-b5ee-49c4-8977-3dbcc92d7a88;DB_CLOSE_DELAY=-1;DB_CLOSE_ON_EXIT=FALSE
	at org.springframework.beans.factory.support.AbstractAutowireCapableBeanFactory.initializeBean(AbstractAutowireCapableBeanFactory.java:1794) ~[spring-beans-5.2.9.RELEASE.jar:5.2.9.RELEASE]
	at org.springframework.beans.factory.support.AbstractAutowireCapableBeanFactory.doCreateBean(AbstractAutowireCapableBeanFactory.java:594) ~[spring-beans-5.2.9.RELEASE.jar:5.2.9.RELEASE]
	at org.springframework.beans.factory.support.AbstractAutowireCapableBeanFactory.createBean(AbstractAutowireCapableBeanFactory.java:516) ~[spring-beans-5.2.9.RELEASE.jar:5.2.9.RELEASE]
	at org.springframework.beans.factory.support.AbstractBeanFactory.lambda$doGetBean$0(AbstractBeanFactory.java:324) ~[spring-beans-5.2.9.RELEASE.jar:5.2.9.RELEASE]
	at org.springframework.beans.factory.support.DefaultSingletonBeanRegistry.getSingleton(DefaultSingletonBeanRegistry.java:234) ~[spring-beans-5.2.9.RELEASE.jar:5.2.9.RELEASE]
	at org.springframework.beans.factory.support.AbstractBeanFactory.doGetBean(AbstractBeanFactory.java:322) ~[spring-beans-5.2.9.RELEASE.jar:5.2.9.RELEASE]
	at org.springframework.beans.factory.support.AbstractBeanFactory.getBean(AbstractBeanFactory.java:202) ~[spring-beans-5.2.9.RELEASE.jar:5.2.9.RELEASE]
	at org.springframework.beans.factory.support.AbstractBeanFactory.doGetBean(AbstractBeanFactory.java:311) ~[spring-beans-5.2.9.RELEASE.jar:5.2.9.RELEASE]
	at org.springframework.beans.factory.support.AbstractBeanFactory.getBean(AbstractBeanFactory.java:202) ~[spring-beans-5.2.9.RELEASE.jar:5.2.9.RELEASE]
	at org.springframework.context.support.AbstractApplicationContext.getBean(AbstractApplicationContext.java:1109) ~[spring-context-5.2.9.RELEASE.jar:5.2.9.RELEASE]
	at org.springframework.context.support.AbstractApplicationContext.finishBeanFactoryInitialization(AbstractApplicationContext.java:869) ~[spring-context-5.2.9.RELEASE.jar:5.2.9.RELEASE]
	at org.springframework.context.support.AbstractApplicationContext.refresh(AbstractApplicationContext.java:551) ~[spring-context-5.2.9.RELEASE.jar:5.2.9.RELEASE]
	at org.springframework.boot.web.servlet.context.ServletWebServerApplicationContext.refresh(ServletWebServerApplicationContext.java:143) ~[spring-boot-2.3.4.RELEASE.jar:2.3.4.RELEASE]
	at org.springframework.boot.SpringApplication.refresh(SpringApplication.java:758) ~[spring-boot-2.3.4.RELEASE.jar:2.3.4.RELEASE]
	at org.springframework.boot.SpringApplication.refresh(SpringApplication.java:750) [spring-boot-2.3.4.RELEASE.jar:2.3.4.RELEASE]
	at org.springframework.boot.SpringApplication.refreshContext(SpringApplication.java:397) [spring-boot-2.3.4.RELEASE.jar:2.3.4.RELEASE]
	at org.springframework.boot.SpringApplication.run(SpringApplication.java:315) [spring-boot-2.3.4.RELEASE.jar:2.3.4.RELEASE]
	at org.springframework.boot.SpringApplication.run(SpringApplication.java:1237) [spring-boot-2.3.4.RELEASE.jar:2.3.4.RELEASE]
	at org.springframework.boot.SpringApplication.run(SpringApplication.java:1226) [spring-boot-2.3.4.RELEASE.jar:2.3.4.RELEASE]
	at io.spring.backoffice_batch.BackofficeBatchApplication.main(BackofficeBatchApplication.java:12) [main/:?]
Caused by: java.lang.RuntimeException: Driver com.mysql.cj.jdbc.Driver claims to not accept jdbcUrl, jdbc:h2:mem:dc07b5e4-b5ee-49c4-8977-3dbcc92d7a88;DB_CLOSE_DELAY=-1;DB_CLOSE_ON_EXIT=FALSE
	at com.zaxxer.hikari.util.DriverDataSource.<init>(DriverDataSource.java:110) ~[HikariCP-3.4.5.jar:?]
	at com.zaxxer.hikari.pool.PoolBase.initializeDataSource(PoolBase.java:325) ~[HikariCP-3.4.5.jar:?]
	at com.zaxxer.hikari.pool.PoolBase.<init>(PoolBase.java:114) ~[HikariCP-3.4.5.jar:?]
	at com.zaxxer.hikari.pool.HikariPool.<init>(HikariPool.java:108) ~[HikariCP-3.4.5.jar:?]
	at com.zaxxer.hikari.HikariDataSource.getConnection(HikariDataSource.java:112) ~[HikariCP-3.4.5.jar:?]
	at org.flywaydb.core.internal.jdbc.JdbcUtils.openConnection(JdbcUtils.java:56) ~[flyway-core-6.4.4.jar:?]
	at org.flywaydb.core.internal.jdbc.JdbcConnectionFactory.<init>(JdbcConnectionFactory.java:80) ~[flyway-core-6.4.4.jar:?]
	at org.flywaydb.core.Flyway.execute(Flyway.java:456) ~[flyway-core-6.4.4.jar:?]
	at org.flywaydb.core.Flyway.migrate(Flyway.java:159) ~[flyway-core-6.4.4.jar:?]
	at org.springframework.boot.autoconfigure.flyway.FlywayMigrationInitializer.afterPropertiesSet(FlywayMigrationInitializer.java:65) ~[spring-boot-autoconfigure-2.3.4.RELEASE.jar:2.3.4.RELEASE]
	at org.springframework.beans.factory.support.AbstractAutowireCapableBeanFactory.invokeInitMethods(AbstractAutowireCapableBeanFactory.java:1853) ~[spring-beans-5.2.9.RELEASE.jar:5.2.9.RELEASE]
	at org.springframework.beans.factory.support.AbstractAutowireCapableBeanFactory.initializeBean(AbstractAutowireCapableBeanFactory.java:1790) ~[spring-beans-5.2.9.RELEASE.jar:5.2.9.RELEASE]
	... 19 more
2021-05-14 17:17:45,027 [background-preinit] INFO  org.hibernate.validator.internal.util.Version(<clinit>:21) - HV000001: Hibernate Validator 6.1.5.Final
2021-05-14 17:17:45,187 [main] INFO  io.spring.backoffice_batch.BackofficeBatchApplication(logStarting:55) - Starting BackofficeBatchApplication on DESKTOP-DD3UDDS with PID 13892 (C:\code\java\backoffice_projects\backoffice_batch\build\classes\java\main started by 박선홍 in C:\code\java\backoffice_projects\backoffice_batch)
2021-05-14 17:17:45,203 [main] DEBUG io.spring.backoffice_batch.BackofficeBatchApplication(logStarting:56) - Running with Spring Boot v2.3.4.RELEASE, Spring v5.2.9.RELEASE
2021-05-14 17:17:45,203 [main] INFO  io.spring.backoffice_batch.BackofficeBatchApplication(logStartupProfileInfo:651) - No active profile set, falling back to default profiles: default
2021-05-14 17:17:53,113 [background-preinit] INFO  org.hibernate.validator.internal.util.Version(<clinit>:21) - HV000001: Hibernate Validator 6.1.5.Final
2021-05-14 17:17:53,191 [main] INFO  io.spring.backoffice_batch.BackofficeBatchApplication(logStarting:55) - Starting BackofficeBatchApplication on DESKTOP-DD3UDDS with PID 19032 (C:\code\java\backoffice_projects\backoffice_batch\build\classes\java\main started by 박선홍 in C:\code\java\backoffice_projects\backoffice_batch)
2021-05-14 17:17:53,207 [main] DEBUG io.spring.backoffice_batch.BackofficeBatchApplication(logStarting:56) - Running with Spring Boot v2.3.4.RELEASE, Spring v5.2.9.RELEASE
2021-05-14 17:17:53,207 [main] INFO  io.spring.backoffice_batch.BackofficeBatchApplication(logStartupProfileInfo:651) - No active profile set, falling back to default profiles: default
2021-05-14 17:17:54,379 [main] INFO  org.springframework.data.repository.config.RepositoryConfigurationDelegate(registerRepositoriesIn:127) - Bootstrapping Spring Data JPA repositories in DEFERRED mode.
2021-05-14 17:17:54,395 [main] INFO  org.springframework.data.repository.config.RepositoryConfigurationDelegate(registerRepositoriesIn:187) - Finished Spring Data repository scanning in 10ms. Found 0 JPA repository interfaces.
2021-05-14 17:17:54,590 [main] WARN  org.mybatis.spring.mapper.ClassPathMapperScanner(warn:44) - No MyBatis mapper was found in '[io.spring.backoffice_batch]' package. Please check your configuration.
2021-05-14 17:17:55,139 [main] INFO  org.springframework.boot.web.embedded.tomcat.TomcatWebServer(initialize:108) - Tomcat initialized with port(s): 8081 (http)
2021-05-14 17:17:55,154 [main] INFO  org.apache.coyote.http11.Http11NioProtocol(log:173) - Initializing ProtocolHandler ["http-nio-8081"]
2021-05-14 17:17:55,154 [main] INFO  org.apache.catalina.core.StandardService(log:173) - Starting service [Tomcat]
2021-05-14 17:17:55,154 [main] INFO  org.apache.catalina.core.StandardEngine(log:173) - Starting Servlet engine: [Apache Tomcat/9.0.38]
2021-05-14 17:17:55,404 [main] INFO  org.apache.catalina.core.ContainerBase.[Tomcat].[localhost].[/](log:173) - Initializing Spring embedded WebApplicationContext
2021-05-14 17:17:55,404 [main] INFO  org.springframework.boot.web.servlet.context.ServletWebServerApplicationContext(prepareWebApplicationContext:285) - Root WebApplicationContext: initialization completed in 2072 ms
2021-05-14 17:17:55,607 [main] INFO  org.flywaydb.core.internal.license.VersionPrinter(info:49) - Flyway Community Edition 6.4.4 by Redgate
2021-05-14 17:17:55,685 [main] WARN  org.flywaydb.core.internal.scanner.classpath.ClassPathScanner(warn:53) - Unable to resolve location classpath:db/migration. Note this warning will become an error in Flyway 7.
2021-05-14 17:17:55,685 [main] INFO  com.zaxxer.hikari.HikariDataSource(getConnection:110) - HikariPool-1 - Starting...
2021-05-14 17:17:55,701 [main] WARN  org.springframework.boot.web.servlet.context.AnnotationConfigServletWebServerApplicationContext(refresh:559) - Exception encountered during context initialization - cancelling refresh attempt: org.springframework.beans.factory.BeanCreationException: Error creating bean with name 'flywayInitializer' defined in class path resource [org/springframework/boot/autoconfigure/flyway/FlywayAutoConfiguration$FlywayConfiguration.class]: Invocation of init method failed; nested exception is java.lang.RuntimeException: Driver com.mysql.cj.jdbc.Driver claims to not accept jdbcUrl, jdbc:h2:mem:06763a6d-0953-4a83-bd2c-e877b9fb239f;DB_CLOSE_DELAY=-1;DB_CLOSE_ON_EXIT=FALSE
2021-05-14 17:17:55,716 [main] INFO  org.apache.catalina.core.StandardService(log:173) - Stopping service [Tomcat]
2021-05-14 17:17:55,732 [main] INFO  org.springframework.boot.autoconfigure.logging.ConditionEvaluationReportLoggingListener(logMessage:136) - 

Error starting ApplicationContext. To display the conditions report re-run your application with 'debug' enabled.
2021-05-14 17:17:55,732 [main] ERROR org.springframework.boot.SpringApplication(reportFailure:837) - Application run failed
org.springframework.beans.factory.BeanCreationException: Error creating bean with name 'flywayInitializer' defined in class path resource [org/springframework/boot/autoconfigure/flyway/FlywayAutoConfiguration$FlywayConfiguration.class]: Invocation of init method failed; nested exception is java.lang.RuntimeException: Driver com.mysql.cj.jdbc.Driver claims to not accept jdbcUrl, jdbc:h2:mem:06763a6d-0953-4a83-bd2c-e877b9fb239f;DB_CLOSE_DELAY=-1;DB_CLOSE_ON_EXIT=FALSE
	at org.springframework.beans.factory.support.AbstractAutowireCapableBeanFactory.initializeBean(AbstractAutowireCapableBeanFactory.java:1794) ~[spring-beans-5.2.9.RELEASE.jar:5.2.9.RELEASE]
	at org.springframework.beans.factory.support.AbstractAutowireCapableBeanFactory.doCreateBean(AbstractAutowireCapableBeanFactory.java:594) ~[spring-beans-5.2.9.RELEASE.jar:5.2.9.RELEASE]
	at org.springframework.beans.factory.support.AbstractAutowireCapableBeanFactory.createBean(AbstractAutowireCapableBeanFactory.java:516) ~[spring-beans-5.2.9.RELEASE.jar:5.2.9.RELEASE]
	at org.springframework.beans.factory.support.AbstractBeanFactory.lambda$doGetBean$0(AbstractBeanFactory.java:324) ~[spring-beans-5.2.9.RELEASE.jar:5.2.9.RELEASE]
	at org.springframework.beans.factory.support.DefaultSingletonBeanRegistry.getSingleton(DefaultSingletonBeanRegistry.java:234) ~[spring-beans-5.2.9.RELEASE.jar:5.2.9.RELEASE]
	at org.springframework.beans.factory.support.AbstractBeanFactory.doGetBean(AbstractBeanFactory.java:322) ~[spring-beans-5.2.9.RELEASE.jar:5.2.9.RELEASE]
	at org.springframework.beans.factory.support.AbstractBeanFactory.getBean(AbstractBeanFactory.java:202) ~[spring-beans-5.2.9.RELEASE.jar:5.2.9.RELEASE]
	at org.springframework.beans.factory.support.AbstractBeanFactory.doGetBean(AbstractBeanFactory.java:311) ~[spring-beans-5.2.9.RELEASE.jar:5.2.9.RELEASE]
	at org.springframework.beans.factory.support.AbstractBeanFactory.getBean(AbstractBeanFactory.java:202) ~[spring-beans-5.2.9.RELEASE.jar:5.2.9.RELEASE]
	at org.springframework.context.support.AbstractApplicationContext.getBean(AbstractApplicationContext.java:1109) ~[spring-context-5.2.9.RELEASE.jar:5.2.9.RELEASE]
	at org.springframework.context.support.AbstractApplicationContext.finishBeanFactoryInitialization(AbstractApplicationContext.java:869) ~[spring-context-5.2.9.RELEASE.jar:5.2.9.RELEASE]
	at org.springframework.context.support.AbstractApplicationContext.refresh(AbstractApplicationContext.java:551) ~[spring-context-5.2.9.RELEASE.jar:5.2.9.RELEASE]
	at org.springframework.boot.web.servlet.context.ServletWebServerApplicationContext.refresh(ServletWebServerApplicationContext.java:143) ~[spring-boot-2.3.4.RELEASE.jar:2.3.4.RELEASE]
	at org.springframework.boot.SpringApplication.refresh(SpringApplication.java:758) ~[spring-boot-2.3.4.RELEASE.jar:2.3.4.RELEASE]
	at org.springframework.boot.SpringApplication.refresh(SpringApplication.java:750) [spring-boot-2.3.4.RELEASE.jar:2.3.4.RELEASE]
	at org.springframework.boot.SpringApplication.refreshContext(SpringApplication.java:397) [spring-boot-2.3.4.RELEASE.jar:2.3.4.RELEASE]
	at org.springframework.boot.SpringApplication.run(SpringApplication.java:315) [spring-boot-2.3.4.RELEASE.jar:2.3.4.RELEASE]
	at org.springframework.boot.SpringApplication.run(SpringApplication.java:1237) [spring-boot-2.3.4.RELEASE.jar:2.3.4.RELEASE]
	at org.springframework.boot.SpringApplication.run(SpringApplication.java:1226) [spring-boot-2.3.4.RELEASE.jar:2.3.4.RELEASE]
	at io.spring.backoffice_batch.BackofficeBatchApplication.main(BackofficeBatchApplication.java:12) [main/:?]
Caused by: java.lang.RuntimeException: Driver com.mysql.cj.jdbc.Driver claims to not accept jdbcUrl, jdbc:h2:mem:06763a6d-0953-4a83-bd2c-e877b9fb239f;DB_CLOSE_DELAY=-1;DB_CLOSE_ON_EXIT=FALSE
	at com.zaxxer.hikari.util.DriverDataSource.<init>(DriverDataSource.java:110) ~[HikariCP-3.4.5.jar:?]
	at com.zaxxer.hikari.pool.PoolBase.initializeDataSource(PoolBase.java:325) ~[HikariCP-3.4.5.jar:?]
	at com.zaxxer.hikari.pool.PoolBase.<init>(PoolBase.java:114) ~[HikariCP-3.4.5.jar:?]
	at com.zaxxer.hikari.pool.HikariPool.<init>(HikariPool.java:108) ~[HikariCP-3.4.5.jar:?]
	at com.zaxxer.hikari.HikariDataSource.getConnection(HikariDataSource.java:112) ~[HikariCP-3.4.5.jar:?]
	at org.flywaydb.core.internal.jdbc.JdbcUtils.openConnection(JdbcUtils.java:56) ~[flyway-core-6.4.4.jar:?]
	at org.flywaydb.core.internal.jdbc.JdbcConnectionFactory.<init>(JdbcConnectionFactory.java:80) ~[flyway-core-6.4.4.jar:?]
	at org.flywaydb.core.Flyway.execute(Flyway.java:456) ~[flyway-core-6.4.4.jar:?]
	at org.flywaydb.core.Flyway.migrate(Flyway.java:159) ~[flyway-core-6.4.4.jar:?]
	at org.springframework.boot.autoconfigure.flyway.FlywayMigrationInitializer.afterPropertiesSet(FlywayMigrationInitializer.java:65) ~[spring-boot-autoconfigure-2.3.4.RELEASE.jar:2.3.4.RELEASE]
	at org.springframework.beans.factory.support.AbstractAutowireCapableBeanFactory.invokeInitMethods(AbstractAutowireCapableBeanFactory.java:1853) ~[spring-beans-5.2.9.RELEASE.jar:5.2.9.RELEASE]
	at org.springframework.beans.factory.support.AbstractAutowireCapableBeanFactory.initializeBean(AbstractAutowireCapableBeanFactory.java:1790) ~[spring-beans-5.2.9.RELEASE.jar:5.2.9.RELEASE]
	... 19 more
2021-05-14 17:19:43,049 [background-preinit] INFO  org.hibernate.validator.internal.util.Version(<clinit>:21) - HV000001: Hibernate Validator 6.1.5.Final
2021-05-14 17:19:43,127 [main] INFO  io.spring.backoffice_batch.BackofficeBatchApplication(logStarting:55) - Starting BackofficeBatchApplication on DESKTOP-DD3UDDS with PID 11652 (C:\code\java\backoffice_projects\backoffice_batch\build\classes\java\main started by 박선홍 in C:\code\java\backoffice_projects\backoffice_batch)
2021-05-14 17:19:43,127 [main] DEBUG io.spring.backoffice_batch.BackofficeBatchApplication(logStarting:56) - Running with Spring Boot v2.3.4.RELEASE, Spring v5.2.9.RELEASE
2021-05-14 17:19:43,127 [main] INFO  io.spring.backoffice_batch.BackofficeBatchApplication(logStartupProfileInfo:651) - No active profile set, falling back to default profiles: default
2021-05-14 17:19:44,131 [main] INFO  org.springframework.data.repository.config.RepositoryConfigurationDelegate(registerRepositoriesIn:127) - Bootstrapping Spring Data JPA repositories in DEFERRED mode.
2021-05-14 17:19:44,147 [main] INFO  org.springframework.data.repository.config.RepositoryConfigurationDelegate(registerRepositoriesIn:187) - Finished Spring Data repository scanning in 9ms. Found 0 JPA repository interfaces.
2021-05-14 17:19:44,319 [main] WARN  org.mybatis.spring.mapper.ClassPathMapperScanner(warn:44) - No MyBatis mapper was found in '[io.spring.backoffice_batch]' package. Please check your configuration.
2021-05-14 17:19:44,842 [main] INFO  org.springframework.boot.web.embedded.tomcat.TomcatWebServer(initialize:108) - Tomcat initialized with port(s): 8081 (http)
2021-05-14 17:19:44,854 [main] INFO  org.apache.coyote.http11.Http11NioProtocol(log:173) - Initializing ProtocolHandler ["http-nio-8081"]
2021-05-14 17:19:44,854 [main] INFO  org.apache.catalina.core.StandardService(log:173) - Starting service [Tomcat]
2021-05-14 17:19:44,855 [main] INFO  org.apache.catalina.core.StandardEngine(log:173) - Starting Servlet engine: [Apache Tomcat/9.0.38]
2021-05-14 17:19:45,096 [main] INFO  org.apache.catalina.core.ContainerBase.[Tomcat].[localhost].[/](log:173) - Initializing Spring embedded WebApplicationContext
2021-05-14 17:19:45,097 [main] INFO  org.springframework.boot.web.servlet.context.ServletWebServerApplicationContext(prepareWebApplicationContext:285) - Root WebApplicationContext: initialization completed in 1860 ms
2021-05-14 17:19:45,267 [main] INFO  org.flywaydb.core.internal.license.VersionPrinter(info:49) - Flyway Community Edition 6.4.4 by Redgate
2021-05-14 17:19:45,342 [main] WARN  org.flywaydb.core.internal.scanner.classpath.ClassPathScanner(warn:53) - Unable to resolve location classpath:db/migration. Note this warning will become an error in Flyway 7.
2021-05-14 17:19:45,345 [main] INFO  com.zaxxer.hikari.HikariDataSource(getConnection:110) - HikariPool-1 - Starting...
2021-05-14 17:19:45,365 [main] WARN  org.springframework.boot.web.servlet.context.AnnotationConfigServletWebServerApplicationContext(refresh:559) - Exception encountered during context initialization - cancelling refresh attempt: org.springframework.beans.factory.BeanCreationException: Error creating bean with name 'flywayInitializer' defined in class path resource [org/springframework/boot/autoconfigure/flyway/FlywayAutoConfiguration$FlywayConfiguration.class]: Invocation of init method failed; nested exception is java.lang.RuntimeException: Driver com.mysql.cj.jdbc.Driver claims to not accept jdbcUrl, jdbc:h2:mem:9bc820c3-757f-4d98-bd7c-e7a9db755a0e;DB_CLOSE_DELAY=-1;DB_CLOSE_ON_EXIT=FALSE
2021-05-14 17:19:45,370 [main] INFO  org.apache.catalina.core.StandardService(log:173) - Stopping service [Tomcat]
2021-05-14 17:19:45,387 [main] INFO  org.springframework.boot.autoconfigure.logging.ConditionEvaluationReportLoggingListener(logMessage:136) - 

Error starting ApplicationContext. To display the conditions report re-run your application with 'debug' enabled.
2021-05-14 17:19:45,402 [main] ERROR org.springframework.boot.SpringApplication(reportFailure:837) - Application run failed
org.springframework.beans.factory.BeanCreationException: Error creating bean with name 'flywayInitializer' defined in class path resource [org/springframework/boot/autoconfigure/flyway/FlywayAutoConfiguration$FlywayConfiguration.class]: Invocation of init method failed; nested exception is java.lang.RuntimeException: Driver com.mysql.cj.jdbc.Driver claims to not accept jdbcUrl, jdbc:h2:mem:9bc820c3-757f-4d98-bd7c-e7a9db755a0e;DB_CLOSE_DELAY=-1;DB_CLOSE_ON_EXIT=FALSE
	at org.springframework.beans.factory.support.AbstractAutowireCapableBeanFactory.initializeBean(AbstractAutowireCapableBeanFactory.java:1794) ~[spring-beans-5.2.9.RELEASE.jar:5.2.9.RELEASE]
	at org.springframework.beans.factory.support.AbstractAutowireCapableBeanFactory.doCreateBean(AbstractAutowireCapableBeanFactory.java:594) ~[spring-beans-5.2.9.RELEASE.jar:5.2.9.RELEASE]
	at org.springframework.beans.factory.support.AbstractAutowireCapableBeanFactory.createBean(AbstractAutowireCapableBeanFactory.java:516) ~[spring-beans-5.2.9.RELEASE.jar:5.2.9.RELEASE]
	at org.springframework.beans.factory.support.AbstractBeanFactory.lambda$doGetBean$0(AbstractBeanFactory.java:324) ~[spring-beans-5.2.9.RELEASE.jar:5.2.9.RELEASE]
	at org.springframework.beans.factory.support.DefaultSingletonBeanRegistry.getSingleton(DefaultSingletonBeanRegistry.java:234) ~[spring-beans-5.2.9.RELEASE.jar:5.2.9.RELEASE]
	at org.springframework.beans.factory.support.AbstractBeanFactory.doGetBean(AbstractBeanFactory.java:322) ~[spring-beans-5.2.9.RELEASE.jar:5.2.9.RELEASE]
	at org.springframework.beans.factory.support.AbstractBeanFactory.getBean(AbstractBeanFactory.java:202) ~[spring-beans-5.2.9.RELEASE.jar:5.2.9.RELEASE]
	at org.springframework.beans.factory.support.AbstractBeanFactory.doGetBean(AbstractBeanFactory.java:311) ~[spring-beans-5.2.9.RELEASE.jar:5.2.9.RELEASE]
	at org.springframework.beans.factory.support.AbstractBeanFactory.getBean(AbstractBeanFactory.java:202) ~[spring-beans-5.2.9.RELEASE.jar:5.2.9.RELEASE]
	at org.springframework.context.support.AbstractApplicationContext.getBean(AbstractApplicationContext.java:1109) ~[spring-context-5.2.9.RELEASE.jar:5.2.9.RELEASE]
	at org.springframework.context.support.AbstractApplicationContext.finishBeanFactoryInitialization(AbstractApplicationContext.java:869) ~[spring-context-5.2.9.RELEASE.jar:5.2.9.RELEASE]
	at org.springframework.context.support.AbstractApplicationContext.refresh(AbstractApplicationContext.java:551) ~[spring-context-5.2.9.RELEASE.jar:5.2.9.RELEASE]
	at org.springframework.boot.web.servlet.context.ServletWebServerApplicationContext.refresh(ServletWebServerApplicationContext.java:143) ~[spring-boot-2.3.4.RELEASE.jar:2.3.4.RELEASE]
	at org.springframework.boot.SpringApplication.refresh(SpringApplication.java:758) ~[spring-boot-2.3.4.RELEASE.jar:2.3.4.RELEASE]
	at org.springframework.boot.SpringApplication.refresh(SpringApplication.java:750) [spring-boot-2.3.4.RELEASE.jar:2.3.4.RELEASE]
	at org.springframework.boot.SpringApplication.refreshContext(SpringApplication.java:397) [spring-boot-2.3.4.RELEASE.jar:2.3.4.RELEASE]
	at org.springframework.boot.SpringApplication.run(SpringApplication.java:315) [spring-boot-2.3.4.RELEASE.jar:2.3.4.RELEASE]
	at org.springframework.boot.SpringApplication.run(SpringApplication.java:1237) [spring-boot-2.3.4.RELEASE.jar:2.3.4.RELEASE]
	at org.springframework.boot.SpringApplication.run(SpringApplication.java:1226) [spring-boot-2.3.4.RELEASE.jar:2.3.4.RELEASE]
	at io.spring.backoffice_batch.BackofficeBatchApplication.main(BackofficeBatchApplication.java:12) [main/:?]
Caused by: java.lang.RuntimeException: Driver com.mysql.cj.jdbc.Driver claims to not accept jdbcUrl, jdbc:h2:mem:9bc820c3-757f-4d98-bd7c-e7a9db755a0e;DB_CLOSE_DELAY=-1;DB_CLOSE_ON_EXIT=FALSE
	at com.zaxxer.hikari.util.DriverDataSource.<init>(DriverDataSource.java:110) ~[HikariCP-3.4.5.jar:?]
	at com.zaxxer.hikari.pool.PoolBase.initializeDataSource(PoolBase.java:325) ~[HikariCP-3.4.5.jar:?]
	at com.zaxxer.hikari.pool.PoolBase.<init>(PoolBase.java:114) ~[HikariCP-3.4.5.jar:?]
	at com.zaxxer.hikari.pool.HikariPool.<init>(HikariPool.java:108) ~[HikariCP-3.4.5.jar:?]
	at com.zaxxer.hikari.HikariDataSource.getConnection(HikariDataSource.java:112) ~[HikariCP-3.4.5.jar:?]
	at org.flywaydb.core.internal.jdbc.JdbcUtils.openConnection(JdbcUtils.java:56) ~[flyway-core-6.4.4.jar:?]
	at org.flywaydb.core.internal.jdbc.JdbcConnectionFactory.<init>(JdbcConnectionFactory.java:80) ~[flyway-core-6.4.4.jar:?]
	at org.flywaydb.core.Flyway.execute(Flyway.java:456) ~[flyway-core-6.4.4.jar:?]
	at org.flywaydb.core.Flyway.migrate(Flyway.java:159) ~[flyway-core-6.4.4.jar:?]
	at org.springframework.boot.autoconfigure.flyway.FlywayMigrationInitializer.afterPropertiesSet(FlywayMigrationInitializer.java:65) ~[spring-boot-autoconfigure-2.3.4.RELEASE.jar:2.3.4.RELEASE]
	at org.springframework.beans.factory.support.AbstractAutowireCapableBeanFactory.invokeInitMethods(AbstractAutowireCapableBeanFactory.java:1853) ~[spring-beans-5.2.9.RELEASE.jar:5.2.9.RELEASE]
	at org.springframework.beans.factory.support.AbstractAutowireCapableBeanFactory.initializeBean(AbstractAutowireCapableBeanFactory.java:1790) ~[spring-beans-5.2.9.RELEASE.jar:5.2.9.RELEASE]
	... 19 more
2021-05-14 17:25:26,467 [background-preinit] INFO  org.hibernate.validator.internal.util.Version(<clinit>:21) - HV000001: Hibernate Validator 6.1.5.Final
2021-05-14 17:25:26,545 [main] INFO  io.spring.backoffice_batch.BackofficeBatchApplication(logStarting:55) - Starting BackofficeBatchApplication on DESKTOP-DD3UDDS with PID 19344 (C:\code\java\backoffice_projects\backoffice_batch\build\classes\java\main started by 박선홍 in C:\code\java\backoffice_projects\backoffice_batch)
2021-05-14 17:25:26,549 [main] DEBUG io.spring.backoffice_batch.BackofficeBatchApplication(logStarting:56) - Running with Spring Boot v2.3.4.RELEASE, Spring v5.2.9.RELEASE
2021-05-14 17:25:26,551 [main] INFO  io.spring.backoffice_batch.BackofficeBatchApplication(logStartupProfileInfo:651) - No active profile set, falling back to default profiles: default
2021-05-14 17:25:27,562 [main] INFO  org.springframework.data.repository.config.RepositoryConfigurationDelegate(registerRepositoriesIn:127) - Bootstrapping Spring Data JPA repositories in DEFERRED mode.
2021-05-14 17:25:27,581 [main] INFO  org.springframework.data.repository.config.RepositoryConfigurationDelegate(registerRepositoriesIn:187) - Finished Spring Data repository scanning in 10ms. Found 0 JPA repository interfaces.
2021-05-14 17:25:27,754 [main] WARN  org.mybatis.spring.mapper.ClassPathMapperScanner(warn:44) - No MyBatis mapper was found in '[io.spring.backoffice_batch]' package. Please check your configuration.
2021-05-14 17:25:28,292 [main] INFO  org.springframework.boot.web.embedded.tomcat.TomcatWebServer(initialize:108) - Tomcat initialized with port(s): 8081 (http)
2021-05-14 17:25:28,304 [main] INFO  org.apache.coyote.http11.Http11NioProtocol(log:173) - Initializing ProtocolHandler ["http-nio-8081"]
2021-05-14 17:25:28,305 [main] INFO  org.apache.catalina.core.StandardService(log:173) - Starting service [Tomcat]
2021-05-14 17:25:28,305 [main] INFO  org.apache.catalina.core.StandardEngine(log:173) - Starting Servlet engine: [Apache Tomcat/9.0.38]
2021-05-14 17:25:28,550 [main] INFO  org.apache.catalina.core.ContainerBase.[Tomcat].[localhost].[/](log:173) - Initializing Spring embedded WebApplicationContext
2021-05-14 17:25:28,550 [main] INFO  org.springframework.boot.web.servlet.context.ServletWebServerApplicationContext(prepareWebApplicationContext:285) - Root WebApplicationContext: initialization completed in 1898 ms
2021-05-14 17:25:28,735 [main] INFO  org.flywaydb.core.internal.license.VersionPrinter(info:49) - Flyway Community Edition 6.4.4 by Redgate
2021-05-14 17:25:28,818 [main] WARN  org.flywaydb.core.internal.scanner.classpath.ClassPathScanner(warn:53) - Unable to resolve location classpath:db/migration. Note this warning will become an error in Flyway 7.
2021-05-14 17:25:28,822 [main] INFO  com.zaxxer.hikari.HikariDataSource(getConnection:110) - HikariPool-1 - Starting...
2021-05-14 17:25:29,325 [main] INFO  com.zaxxer.hikari.HikariDataSource(getConnection:123) - HikariPool-1 - Start completed.
2021-05-14 17:25:29,372 [main] INFO  org.flywaydb.core.internal.database.DatabaseFactory(info:49) - Database: jdbc:mysql://localhost:3306/trdst (MySQL 5.7)
2021-05-14 17:25:29,479 [main] INFO  org.flywaydb.core.internal.command.DbValidate(info:49) - Successfully validated 0 migrations (execution time 00:00.044s)
2021-05-14 17:25:29,479 [main] WARN  org.flywaydb.core.internal.command.DbValidate(warn:53) - No migrations found. Are your locations set up correctly?
2021-05-14 17:25:29,528 [main] INFO  org.flywaydb.core.internal.command.DbMigrate(info:49) - Current version of schema `trdst`: << Empty Schema >>
2021-05-14 17:25:29,533 [main] INFO  org.flywaydb.core.internal.command.DbMigrate(info:49) - Schema `trdst` is up to date. No migration necessary.
2021-05-14 17:25:29,676 [main] INFO  org.springframework.scheduling.concurrent.ThreadPoolTaskExecutor(initialize:181) - Initializing ExecutorService 'applicationTaskExecutor'
2021-05-14 17:25:29,753 [task-1] INFO  org.hibernate.jpa.internal.util.LogHelper(logPersistenceUnitInformation:31) - HHH000204: Processing PersistenceUnitInfo [name: default]
2021-05-14 17:25:29,937 [task-1] INFO  org.hibernate.Version(logVersion:46) - HHH000412: Hibernate Core {5.4.2.Final}
2021-05-14 17:25:29,956 [main] WARN  org.springframework.boot.autoconfigure.orm.jpa.JpaBaseConfiguration$JpaWebConfiguration(openEntityManagerInViewInterceptor:220) - spring.jpa.open-in-view is enabled by default. Therefore, database queries may be performed during view rendering. Explicitly configure spring.jpa.open-in-view to disable this warning
2021-05-14 17:25:30,247 [task-1] INFO  org.hibernate.annotations.common.Version(<clinit>:49) - HCANN000001: Hibernate Commons Annotations {5.1.0.Final}
2021-05-14 17:25:30,446 [task-1] INFO  org.hibernate.dialect.Dialect(<init>:158) - HHH000400: Using dialect: org.hibernate.dialect.MySQL5InnoDBDialect
2021-05-14 17:25:30,544 [main] WARN  org.springframework.boot.web.servlet.context.AnnotationConfigServletWebServerApplicationContext(refresh:559) - Exception encountered during context initialization - cancelling refresh attempt: org.springframework.beans.factory.BeanCreationException: Error creating bean with name 'sqlSessionFactory' defined in class path resource [org/mybatis/spring/boot/autoconfigure/MybatisAutoConfiguration.class]: Bean instantiation via factory method failed; nested exception is org.springframework.beans.BeanInstantiationException: Failed to instantiate [org.apache.ibatis.session.SqlSessionFactory]: Factory method 'sqlSessionFactory' threw exception; nested exception is org.springframework.core.NestedIOException: Failed to parse mapping resource: 'file [C:\code\java\backoffice_projects\backoffice_batch\build\resources\main\mapper\ArticleFavoriteMapper.xml]'; nested exception is org.apache.ibatis.builder.BuilderException: Error parsing Mapper XML. The XML location is 'file [C:\code\java\backoffice_projects\backoffice_batch\build\resources\main\mapper\ArticleFavoriteMapper.xml]'. Cause: org.apache.ibatis.builder.BuilderException: Error resolving class. Cause: org.apache.ibatis.type.TypeException: Could not resolve type alias 'io.spring.dao.favorite.ArticleFavorite'.  Cause: java.lang.ClassNotFoundException: Cannot find class: io.spring.dao.favorite.ArticleFavorite
2021-05-14 17:25:30,545 [main] INFO  org.springframework.orm.jpa.LocalContainerEntityManagerFactoryBean(destroy:598) - Closing JPA EntityManagerFactory for persistence unit 'default'
2021-05-14 17:25:30,703 [task-1] INFO  org.hibernate.engine.transaction.jta.platform.internal.JtaPlatformInitiator(initiateService:52) - HHH000490: Using JtaPlatform implementation: [org.hibernate.engine.transaction.jta.platform.internal.NoJtaPlatform]
2021-05-14 17:25:30,707 [task-1] INFO  org.springframework.orm.jpa.LocalContainerEntityManagerFactoryBean(buildNativeEntityManagerFactory:416) - Initialized JPA EntityManagerFactory for persistence unit 'default'
2021-05-14 17:25:30,711 [main] INFO  org.springframework.scheduling.concurrent.ThreadPoolTaskExecutor(shutdown:218) - Shutting down ExecutorService 'applicationTaskExecutor'
2021-05-14 17:25:30,711 [main] INFO  com.zaxxer.hikari.HikariDataSource(close:350) - HikariPool-1 - Shutdown initiated...
2021-05-14 17:25:30,729 [main] INFO  com.zaxxer.hikari.HikariDataSource(close:352) - HikariPool-1 - Shutdown completed.
2021-05-14 17:25:30,732 [main] INFO  org.apache.catalina.core.StandardService(log:173) - Stopping service [Tomcat]
2021-05-14 17:25:30,747 [main] INFO  org.springframework.boot.autoconfigure.logging.ConditionEvaluationReportLoggingListener(logMessage:136) - 

Error starting ApplicationContext. To display the conditions report re-run your application with 'debug' enabled.
2021-05-14 17:25:30,760 [main] ERROR org.springframework.boot.SpringApplication(reportFailure:837) - Application run failed
org.springframework.beans.factory.BeanCreationException: Error creating bean with name 'sqlSessionFactory' defined in class path resource [org/mybatis/spring/boot/autoconfigure/MybatisAutoConfiguration.class]: Bean instantiation via factory method failed; nested exception is org.springframework.beans.BeanInstantiationException: Failed to instantiate [org.apache.ibatis.session.SqlSessionFactory]: Factory method 'sqlSessionFactory' threw exception; nested exception is org.springframework.core.NestedIOException: Failed to parse mapping resource: 'file [C:\code\java\backoffice_projects\backoffice_batch\build\resources\main\mapper\ArticleFavoriteMapper.xml]'; nested exception is org.apache.ibatis.builder.BuilderException: Error parsing Mapper XML. The XML location is 'file [C:\code\java\backoffice_projects\backoffice_batch\build\resources\main\mapper\ArticleFavoriteMapper.xml]'. Cause: org.apache.ibatis.builder.BuilderException: Error resolving class. Cause: org.apache.ibatis.type.TypeException: Could not resolve type alias 'io.spring.dao.favorite.ArticleFavorite'.  Cause: java.lang.ClassNotFoundException: Cannot find class: io.spring.dao.favorite.ArticleFavorite
	at org.springframework.beans.factory.support.ConstructorResolver.instantiate(ConstructorResolver.java:655) ~[spring-beans-5.2.9.RELEASE.jar:5.2.9.RELEASE]
	at org.springframework.beans.factory.support.ConstructorResolver.instantiateUsingFactoryMethod(ConstructorResolver.java:635) ~[spring-beans-5.2.9.RELEASE.jar:5.2.9.RELEASE]
	at org.springframework.beans.factory.support.AbstractAutowireCapableBeanFactory.instantiateUsingFactoryMethod(AbstractAutowireCapableBeanFactory.java:1336) ~[spring-beans-5.2.9.RELEASE.jar:5.2.9.RELEASE]
	at org.springframework.beans.factory.support.AbstractAutowireCapableBeanFactory.createBeanInstance(AbstractAutowireCapableBeanFactory.java:1176) ~[spring-beans-5.2.9.RELEASE.jar:5.2.9.RELEASE]
	at org.springframework.beans.factory.support.AbstractAutowireCapableBeanFactory.doCreateBean(AbstractAutowireCapableBeanFactory.java:556) ~[spring-beans-5.2.9.RELEASE.jar:5.2.9.RELEASE]
	at org.springframework.beans.factory.support.AbstractAutowireCapableBeanFactory.createBean(AbstractAutowireCapableBeanFactory.java:516) ~[spring-beans-5.2.9.RELEASE.jar:5.2.9.RELEASE]
	at org.springframework.beans.factory.support.AbstractBeanFactory.lambda$doGetBean$0(AbstractBeanFactory.java:324) ~[spring-beans-5.2.9.RELEASE.jar:5.2.9.RELEASE]
	at org.springframework.beans.factory.support.DefaultSingletonBeanRegistry.getSingleton(DefaultSingletonBeanRegistry.java:234) ~[spring-beans-5.2.9.RELEASE.jar:5.2.9.RELEASE]
	at org.springframework.beans.factory.support.AbstractBeanFactory.doGetBean(AbstractBeanFactory.java:322) ~[spring-beans-5.2.9.RELEASE.jar:5.2.9.RELEASE]
	at org.springframework.beans.factory.support.AbstractBeanFactory.getBean(AbstractBeanFactory.java:202) ~[spring-beans-5.2.9.RELEASE.jar:5.2.9.RELEASE]
	at org.springframework.beans.factory.support.DefaultListableBeanFactory.preInstantiateSingletons(DefaultListableBeanFactory.java:897) ~[spring-beans-5.2.9.RELEASE.jar:5.2.9.RELEASE]
	at org.springframework.context.support.AbstractApplicationContext.finishBeanFactoryInitialization(AbstractApplicationContext.java:879) ~[spring-context-5.2.9.RELEASE.jar:5.2.9.RELEASE]
	at org.springframework.context.support.AbstractApplicationContext.refresh(AbstractApplicationContext.java:551) ~[spring-context-5.2.9.RELEASE.jar:5.2.9.RELEASE]
	at org.springframework.boot.web.servlet.context.ServletWebServerApplicationContext.refresh(ServletWebServerApplicationContext.java:143) ~[spring-boot-2.3.4.RELEASE.jar:2.3.4.RELEASE]
	at org.springframework.boot.SpringApplication.refresh(SpringApplication.java:758) ~[spring-boot-2.3.4.RELEASE.jar:2.3.4.RELEASE]
	at org.springframework.boot.SpringApplication.refresh(SpringApplication.java:750) [spring-boot-2.3.4.RELEASE.jar:2.3.4.RELEASE]
	at org.springframework.boot.SpringApplication.refreshContext(SpringApplication.java:397) [spring-boot-2.3.4.RELEASE.jar:2.3.4.RELEASE]
	at org.springframework.boot.SpringApplication.run(SpringApplication.java:315) [spring-boot-2.3.4.RELEASE.jar:2.3.4.RELEASE]
	at org.springframework.boot.SpringApplication.run(SpringApplication.java:1237) [spring-boot-2.3.4.RELEASE.jar:2.3.4.RELEASE]
	at org.springframework.boot.SpringApplication.run(SpringApplication.java:1226) [spring-boot-2.3.4.RELEASE.jar:2.3.4.RELEASE]
	at io.spring.backoffice_batch.BackofficeBatchApplication.main(BackofficeBatchApplication.java:12) [main/:?]
Caused by: org.springframework.beans.BeanInstantiationException: Failed to instantiate [org.apache.ibatis.session.SqlSessionFactory]: Factory method 'sqlSessionFactory' threw exception; nested exception is org.springframework.core.NestedIOException: Failed to parse mapping resource: 'file [C:\code\java\backoffice_projects\backoffice_batch\build\resources\main\mapper\ArticleFavoriteMapper.xml]'; nested exception is org.apache.ibatis.builder.BuilderException: Error parsing Mapper XML. The XML location is 'file [C:\code\java\backoffice_projects\backoffice_batch\build\resources\main\mapper\ArticleFavoriteMapper.xml]'. Cause: org.apache.ibatis.builder.BuilderException: Error resolving class. Cause: org.apache.ibatis.type.TypeException: Could not resolve type alias 'io.spring.dao.favorite.ArticleFavorite'.  Cause: java.lang.ClassNotFoundException: Cannot find class: io.spring.dao.favorite.ArticleFavorite
	at org.springframework.beans.factory.support.SimpleInstantiationStrategy.instantiate(SimpleInstantiationStrategy.java:185) ~[spring-beans-5.2.9.RELEASE.jar:5.2.9.RELEASE]
	at org.springframework.beans.factory.support.ConstructorResolver.instantiate(ConstructorResolver.java:650) ~[spring-beans-5.2.9.RELEASE.jar:5.2.9.RELEASE]
	... 20 more
Caused by: org.springframework.core.NestedIOException: Failed to parse mapping resource: 'file [C:\code\java\backoffice_projects\backoffice_batch\build\resources\main\mapper\ArticleFavoriteMapper.xml]'; nested exception is org.apache.ibatis.builder.BuilderException: Error parsing Mapper XML. The XML location is 'file [C:\code\java\backoffice_projects\backoffice_batch\build\resources\main\mapper\ArticleFavoriteMapper.xml]'. Cause: org.apache.ibatis.builder.BuilderException: Error resolving class. Cause: org.apache.ibatis.type.TypeException: Could not resolve type alias 'io.spring.dao.favorite.ArticleFavorite'.  Cause: java.lang.ClassNotFoundException: Cannot find class: io.spring.dao.favorite.ArticleFavorite
	at org.mybatis.spring.SqlSessionFactoryBean.buildSqlSessionFactory(SqlSessionFactoryBean.java:612) ~[mybatis-spring-2.0.5.jar:2.0.5]
	at org.mybatis.spring.SqlSessionFactoryBean.afterPropertiesSet(SqlSessionFactoryBean.java:490) ~[mybatis-spring-2.0.5.jar:2.0.5]
	at org.mybatis.spring.SqlSessionFactoryBean.getObject(SqlSessionFactoryBean.java:632) ~[mybatis-spring-2.0.5.jar:2.0.5]
	at org.mybatis.spring.boot.autoconfigure.MybatisAutoConfiguration.sqlSessionFactory(MybatisAutoConfiguration.java:180) ~[mybatis-spring-boot-autoconfigure-2.1.3.jar:2.1.3]
	at org.mybatis.spring.boot.autoconfigure.MybatisAutoConfiguration$$EnhancerBySpringCGLIB$$2f64c7a0.CGLIB$sqlSessionFactory$1(<generated>) ~[mybatis-spring-boot-autoconfigure-2.1.3.jar:2.1.3]
	at org.mybatis.spring.boot.autoconfigure.MybatisAutoConfiguration$$EnhancerBySpringCGLIB$$2f64c7a0$$FastClassBySpringCGLIB$$8bd1e883.invoke(<generated>) ~[mybatis-spring-boot-autoconfigure-2.1.3.jar:2.1.3]
	at org.springframework.cglib.proxy.MethodProxy.invokeSuper(MethodProxy.java:244) ~[spring-core-5.2.9.RELEASE.jar:5.2.9.RELEASE]
	at org.springframework.context.annotation.ConfigurationClassEnhancer$BeanMethodInterceptor.intercept(ConfigurationClassEnhancer.java:331) ~[spring-context-5.2.9.RELEASE.jar:5.2.9.RELEASE]
	at org.mybatis.spring.boot.autoconfigure.MybatisAutoConfiguration$$EnhancerBySpringCGLIB$$2f64c7a0.sqlSessionFactory(<generated>) ~[mybatis-spring-boot-autoconfigure-2.1.3.jar:2.1.3]
	at sun.reflect.NativeMethodAccessorImpl.invoke0(Native Method) ~[?:1.8.0_242]
	at sun.reflect.NativeMethodAccessorImpl.invoke(NativeMethodAccessorImpl.java:62) ~[?:1.8.0_242]
	at sun.reflect.DelegatingMethodAccessorImpl.invoke(DelegatingMethodAccessorImpl.java:43) ~[?:1.8.0_242]
	at java.lang.reflect.Method.invoke(Method.java:498) ~[?:1.8.0_242]
	at org.springframework.beans.factory.support.SimpleInstantiationStrategy.instantiate(SimpleInstantiationStrategy.java:154) ~[spring-beans-5.2.9.RELEASE.jar:5.2.9.RELEASE]
	at org.springframework.beans.factory.support.ConstructorResolver.instantiate(ConstructorResolver.java:650) ~[spring-beans-5.2.9.RELEASE.jar:5.2.9.RELEASE]
	... 20 more
Caused by: org.apache.ibatis.builder.BuilderException: Error parsing Mapper XML. The XML location is 'file [C:\code\java\backoffice_projects\backoffice_batch\build\resources\main\mapper\ArticleFavoriteMapper.xml]'. Cause: org.apache.ibatis.builder.BuilderException: Error resolving class. Cause: org.apache.ibatis.type.TypeException: Could not resolve type alias 'io.spring.dao.favorite.ArticleFavorite'.  Cause: java.lang.ClassNotFoundException: Cannot find class: io.spring.dao.favorite.ArticleFavorite
	at org.apache.ibatis.builder.xml.XMLMapperBuilder.configurationElement(XMLMapperBuilder.java:123) ~[mybatis-3.5.5.jar:3.5.5]
	at org.apache.ibatis.builder.xml.XMLMapperBuilder.parse(XMLMapperBuilder.java:95) ~[mybatis-3.5.5.jar:3.5.5]
	at org.mybatis.spring.SqlSessionFactoryBean.buildSqlSessionFactory(SqlSessionFactoryBean.java:610) ~[mybatis-spring-2.0.5.jar:2.0.5]
	at org.mybatis.spring.SqlSessionFactoryBean.afterPropertiesSet(SqlSessionFactoryBean.java:490) ~[mybatis-spring-2.0.5.jar:2.0.5]
	at org.mybatis.spring.SqlSessionFactoryBean.getObject(SqlSessionFactoryBean.java:632) ~[mybatis-spring-2.0.5.jar:2.0.5]
	at org.mybatis.spring.boot.autoconfigure.MybatisAutoConfiguration.sqlSessionFactory(MybatisAutoConfiguration.java:180) ~[mybatis-spring-boot-autoconfigure-2.1.3.jar:2.1.3]
	at org.mybatis.spring.boot.autoconfigure.MybatisAutoConfiguration$$EnhancerBySpringCGLIB$$2f64c7a0.CGLIB$sqlSessionFactory$1(<generated>) ~[mybatis-spring-boot-autoconfigure-2.1.3.jar:2.1.3]
	at org.mybatis.spring.boot.autoconfigure.MybatisAutoConfiguration$$EnhancerBySpringCGLIB$$2f64c7a0$$FastClassBySpringCGLIB$$8bd1e883.invoke(<generated>) ~[mybatis-spring-boot-autoconfigure-2.1.3.jar:2.1.3]
	at org.springframework.cglib.proxy.MethodProxy.invokeSuper(MethodProxy.java:244) ~[spring-core-5.2.9.RELEASE.jar:5.2.9.RELEASE]
	at org.springframework.context.annotation.ConfigurationClassEnhancer$BeanMethodInterceptor.intercept(ConfigurationClassEnhancer.java:331) ~[spring-context-5.2.9.RELEASE.jar:5.2.9.RELEASE]
	at org.mybatis.spring.boot.autoconfigure.MybatisAutoConfiguration$$EnhancerBySpringCGLIB$$2f64c7a0.sqlSessionFactory(<generated>) ~[mybatis-spring-boot-autoconfigure-2.1.3.jar:2.1.3]
	at sun.reflect.NativeMethodAccessorImpl.invoke0(Native Method) ~[?:1.8.0_242]
	at sun.reflect.NativeMethodAccessorImpl.invoke(NativeMethodAccessorImpl.java:62) ~[?:1.8.0_242]
	at sun.reflect.DelegatingMethodAccessorImpl.invoke(DelegatingMethodAccessorImpl.java:43) ~[?:1.8.0_242]
	at java.lang.reflect.Method.invoke(Method.java:498) ~[?:1.8.0_242]
	at org.springframework.beans.factory.support.SimpleInstantiationStrategy.instantiate(SimpleInstantiationStrategy.java:154) ~[spring-beans-5.2.9.RELEASE.jar:5.2.9.RELEASE]
	at org.springframework.beans.factory.support.ConstructorResolver.instantiate(ConstructorResolver.java:650) ~[spring-beans-5.2.9.RELEASE.jar:5.2.9.RELEASE]
	... 20 more
Caused by: org.apache.ibatis.builder.BuilderException: Error resolving class. Cause: org.apache.ibatis.type.TypeException: Could not resolve type alias 'io.spring.dao.favorite.ArticleFavorite'.  Cause: java.lang.ClassNotFoundException: Cannot find class: io.spring.dao.favorite.ArticleFavorite
	at org.apache.ibatis.builder.BaseBuilder.resolveClass(BaseBuilder.java:118) ~[mybatis-3.5.5.jar:3.5.5]
	at org.apache.ibatis.builder.xml.XMLMapperBuilder.resultMapElement(XMLMapperBuilder.java:263) ~[mybatis-3.5.5.jar:3.5.5]
	at org.apache.ibatis.builder.xml.XMLMapperBuilder.resultMapElement(XMLMapperBuilder.java:254) ~[mybatis-3.5.5.jar:3.5.5]
	at org.apache.ibatis.builder.xml.XMLMapperBuilder.resultMapElements(XMLMapperBuilder.java:246) ~[mybatis-3.5.5.jar:3.5.5]
	at org.apache.ibatis.builder.xml.XMLMapperBuilder.configurationElement(XMLMapperBuilder.java:119) ~[mybatis-3.5.5.jar:3.5.5]
	at org.apache.ibatis.builder.xml.XMLMapperBuilder.parse(XMLMapperBuilder.java:95) ~[mybatis-3.5.5.jar:3.5.5]
	at org.mybatis.spring.SqlSessionFactoryBean.buildSqlSessionFactory(SqlSessionFactoryBean.java:610) ~[mybatis-spring-2.0.5.jar:2.0.5]
	at org.mybatis.spring.SqlSessionFactoryBean.afterPropertiesSet(SqlSessionFactoryBean.java:490) ~[mybatis-spring-2.0.5.jar:2.0.5]
	at org.mybatis.spring.SqlSessionFactoryBean.getObject(SqlSessionFactoryBean.java:632) ~[mybatis-spring-2.0.5.jar:2.0.5]
	at org.mybatis.spring.boot.autoconfigure.MybatisAutoConfiguration.sqlSessionFactory(MybatisAutoConfiguration.java:180) ~[mybatis-spring-boot-autoconfigure-2.1.3.jar:2.1.3]
	at org.mybatis.spring.boot.autoconfigure.MybatisAutoConfiguration$$EnhancerBySpringCGLIB$$2f64c7a0.CGLIB$sqlSessionFactory$1(<generated>) ~[mybatis-spring-boot-autoconfigure-2.1.3.jar:2.1.3]
	at org.mybatis.spring.boot.autoconfigure.MybatisAutoConfiguration$$EnhancerBySpringCGLIB$$2f64c7a0$$FastClassBySpringCGLIB$$8bd1e883.invoke(<generated>) ~[mybatis-spring-boot-autoconfigure-2.1.3.jar:2.1.3]
	at org.springframework.cglib.proxy.MethodProxy.invokeSuper(MethodProxy.java:244) ~[spring-core-5.2.9.RELEASE.jar:5.2.9.RELEASE]
	at org.springframework.context.annotation.ConfigurationClassEnhancer$BeanMethodInterceptor.intercept(ConfigurationClassEnhancer.java:331) ~[spring-context-5.2.9.RELEASE.jar:5.2.9.RELEASE]
	at org.mybatis.spring.boot.autoconfigure.MybatisAutoConfiguration$$EnhancerBySpringCGLIB$$2f64c7a0.sqlSessionFactory(<generated>) ~[mybatis-spring-boot-autoconfigure-2.1.3.jar:2.1.3]
	at sun.reflect.NativeMethodAccessorImpl.invoke0(Native Method) ~[?:1.8.0_242]
	at sun.reflect.NativeMethodAccessorImpl.invoke(NativeMethodAccessorImpl.java:62) ~[?:1.8.0_242]
	at sun.reflect.DelegatingMethodAccessorImpl.invoke(DelegatingMethodAccessorImpl.java:43) ~[?:1.8.0_242]
	at java.lang.reflect.Method.invoke(Method.java:498) ~[?:1.8.0_242]
	at org.springframework.beans.factory.support.SimpleInstantiationStrategy.instantiate(SimpleInstantiationStrategy.java:154) ~[spring-beans-5.2.9.RELEASE.jar:5.2.9.RELEASE]
	at org.springframework.beans.factory.support.ConstructorResolver.instantiate(ConstructorResolver.java:650) ~[spring-beans-5.2.9.RELEASE.jar:5.2.9.RELEASE]
	... 20 more
Caused by: org.apache.ibatis.type.TypeException: Could not resolve type alias 'io.spring.dao.favorite.ArticleFavorite'.  Cause: java.lang.ClassNotFoundException: Cannot find class: io.spring.dao.favorite.ArticleFavorite
	at org.apache.ibatis.type.TypeAliasRegistry.resolveAlias(TypeAliasRegistry.java:120) ~[mybatis-3.5.5.jar:3.5.5]
	at org.apache.ibatis.builder.BaseBuilder.resolveAlias(BaseBuilder.java:149) ~[mybatis-3.5.5.jar:3.5.5]
	at org.apache.ibatis.builder.BaseBuilder.resolveClass(BaseBuilder.java:116) ~[mybatis-3.5.5.jar:3.5.5]
	at org.apache.ibatis.builder.xml.XMLMapperBuilder.resultMapElement(XMLMapperBuilder.java:263) ~[mybatis-3.5.5.jar:3.5.5]
	at org.apache.ibatis.builder.xml.XMLMapperBuilder.resultMapElement(XMLMapperBuilder.java:254) ~[mybatis-3.5.5.jar:3.5.5]
	at org.apache.ibatis.builder.xml.XMLMapperBuilder.resultMapElements(XMLMapperBuilder.java:246) ~[mybatis-3.5.5.jar:3.5.5]
	at org.apache.ibatis.builder.xml.XMLMapperBuilder.configurationElement(XMLMapperBuilder.java:119) ~[mybatis-3.5.5.jar:3.5.5]
	at org.apache.ibatis.builder.xml.XMLMapperBuilder.parse(XMLMapperBuilder.java:95) ~[mybatis-3.5.5.jar:3.5.5]
	at org.mybatis.spring.SqlSessionFactoryBean.buildSqlSessionFactory(SqlSessionFactoryBean.java:610) ~[mybatis-spring-2.0.5.jar:2.0.5]
	at org.mybatis.spring.SqlSessionFactoryBean.afterPropertiesSet(SqlSessionFactoryBean.java:490) ~[mybatis-spring-2.0.5.jar:2.0.5]
	at org.mybatis.spring.SqlSessionFactoryBean.getObject(SqlSessionFactoryBean.java:632) ~[mybatis-spring-2.0.5.jar:2.0.5]
	at org.mybatis.spring.boot.autoconfigure.MybatisAutoConfiguration.sqlSessionFactory(MybatisAutoConfiguration.java:180) ~[mybatis-spring-boot-autoconfigure-2.1.3.jar:2.1.3]
	at org.mybatis.spring.boot.autoconfigure.MybatisAutoConfiguration$$EnhancerBySpringCGLIB$$2f64c7a0.CGLIB$sqlSessionFactory$1(<generated>) ~[mybatis-spring-boot-autoconfigure-2.1.3.jar:2.1.3]
	at org.mybatis.spring.boot.autoconfigure.MybatisAutoConfiguration$$EnhancerBySpringCGLIB$$2f64c7a0$$FastClassBySpringCGLIB$$8bd1e883.invoke(<generated>) ~[mybatis-spring-boot-autoconfigure-2.1.3.jar:2.1.3]
	at org.springframework.cglib.proxy.MethodProxy.invokeSuper(MethodProxy.java:244) ~[spring-core-5.2.9.RELEASE.jar:5.2.9.RELEASE]
	at org.springframework.context.annotation.ConfigurationClassEnhancer$BeanMethodInterceptor.intercept(ConfigurationClassEnhancer.java:331) ~[spring-context-5.2.9.RELEASE.jar:5.2.9.RELEASE]
	at org.mybatis.spring.boot.autoconfigure.MybatisAutoConfiguration$$EnhancerBySpringCGLIB$$2f64c7a0.sqlSessionFactory(<generated>) ~[mybatis-spring-boot-autoconfigure-2.1.3.jar:2.1.3]
	at sun.reflect.NativeMethodAccessorImpl.invoke0(Native Method) ~[?:1.8.0_242]
	at sun.reflect.NativeMethodAccessorImpl.invoke(NativeMethodAccessorImpl.java:62) ~[?:1.8.0_242]
	at sun.reflect.DelegatingMethodAccessorImpl.invoke(DelegatingMethodAccessorImpl.java:43) ~[?:1.8.0_242]
	at java.lang.reflect.Method.invoke(Method.java:498) ~[?:1.8.0_242]
	at org.springframework.beans.factory.support.SimpleInstantiationStrategy.instantiate(SimpleInstantiationStrategy.java:154) ~[spring-beans-5.2.9.RELEASE.jar:5.2.9.RELEASE]
	at org.springframework.beans.factory.support.ConstructorResolver.instantiate(ConstructorResolver.java:650) ~[spring-beans-5.2.9.RELEASE.jar:5.2.9.RELEASE]
	... 20 more
Caused by: java.lang.ClassNotFoundException: Cannot find class: io.spring.dao.favorite.ArticleFavorite
	at org.apache.ibatis.io.ClassLoaderWrapper.classForName(ClassLoaderWrapper.java:200) ~[mybatis-3.5.5.jar:3.5.5]
	at org.apache.ibatis.io.ClassLoaderWrapper.classForName(ClassLoaderWrapper.java:89) ~[mybatis-3.5.5.jar:3.5.5]
	at org.apache.ibatis.io.Resources.classForName(Resources.java:261) ~[mybatis-3.5.5.jar:3.5.5]
	at org.apache.ibatis.type.TypeAliasRegistry.resolveAlias(TypeAliasRegistry.java:116) ~[mybatis-3.5.5.jar:3.5.5]
	at org.apache.ibatis.builder.BaseBuilder.resolveAlias(BaseBuilder.java:149) ~[mybatis-3.5.5.jar:3.5.5]
	at org.apache.ibatis.builder.BaseBuilder.resolveClass(BaseBuilder.java:116) ~[mybatis-3.5.5.jar:3.5.5]
	at org.apache.ibatis.builder.xml.XMLMapperBuilder.resultMapElement(XMLMapperBuilder.java:263) ~[mybatis-3.5.5.jar:3.5.5]
	at org.apache.ibatis.builder.xml.XMLMapperBuilder.resultMapElement(XMLMapperBuilder.java:254) ~[mybatis-3.5.5.jar:3.5.5]
	at org.apache.ibatis.builder.xml.XMLMapperBuilder.resultMapElements(XMLMapperBuilder.java:246) ~[mybatis-3.5.5.jar:3.5.5]
	at org.apache.ibatis.builder.xml.XMLMapperBuilder.configurationElement(XMLMapperBuilder.java:119) ~[mybatis-3.5.5.jar:3.5.5]
	at org.apache.ibatis.builder.xml.XMLMapperBuilder.parse(XMLMapperBuilder.java:95) ~[mybatis-3.5.5.jar:3.5.5]
	at org.mybatis.spring.SqlSessionFactoryBean.buildSqlSessionFactory(SqlSessionFactoryBean.java:610) ~[mybatis-spring-2.0.5.jar:2.0.5]
	at org.mybatis.spring.SqlSessionFactoryBean.afterPropertiesSet(SqlSessionFactoryBean.java:490) ~[mybatis-spring-2.0.5.jar:2.0.5]
	at org.mybatis.spring.SqlSessionFactoryBean.getObject(SqlSessionFactoryBean.java:632) ~[mybatis-spring-2.0.5.jar:2.0.5]
	at org.mybatis.spring.boot.autoconfigure.MybatisAutoConfiguration.sqlSessionFactory(MybatisAutoConfiguration.java:180) ~[mybatis-spring-boot-autoconfigure-2.1.3.jar:2.1.3]
	at org.mybatis.spring.boot.autoconfigure.MybatisAutoConfiguration$$EnhancerBySpringCGLIB$$2f64c7a0.CGLIB$sqlSessionFactory$1(<generated>) ~[mybatis-spring-boot-autoconfigure-2.1.3.jar:2.1.3]
	at org.mybatis.spring.boot.autoconfigure.MybatisAutoConfiguration$$EnhancerBySpringCGLIB$$2f64c7a0$$FastClassBySpringCGLIB$$8bd1e883.invoke(<generated>) ~[mybatis-spring-boot-autoconfigure-2.1.3.jar:2.1.3]
	at org.springframework.cglib.proxy.MethodProxy.invokeSuper(MethodProxy.java:244) ~[spring-core-5.2.9.RELEASE.jar:5.2.9.RELEASE]
	at org.springframework.context.annotation.ConfigurationClassEnhancer$BeanMethodInterceptor.intercept(ConfigurationClassEnhancer.java:331) ~[spring-context-5.2.9.RELEASE.jar:5.2.9.RELEASE]
	at org.mybatis.spring.boot.autoconfigure.MybatisAutoConfiguration$$EnhancerBySpringCGLIB$$2f64c7a0.sqlSessionFactory(<generated>) ~[mybatis-spring-boot-autoconfigure-2.1.3.jar:2.1.3]
	at sun.reflect.NativeMethodAccessorImpl.invoke0(Native Method) ~[?:1.8.0_242]
	at sun.reflect.NativeMethodAccessorImpl.invoke(NativeMethodAccessorImpl.java:62) ~[?:1.8.0_242]
	at sun.reflect.DelegatingMethodAccessorImpl.invoke(DelegatingMethodAccessorImpl.java:43) ~[?:1.8.0_242]
	at java.lang.reflect.Method.invoke(Method.java:498) ~[?:1.8.0_242]
	at org.springframework.beans.factory.support.SimpleInstantiationStrategy.instantiate(SimpleInstantiationStrategy.java:154) ~[spring-beans-5.2.9.RELEASE.jar:5.2.9.RELEASE]
	at org.springframework.beans.factory.support.ConstructorResolver.instantiate(ConstructorResolver.java:650) ~[spring-beans-5.2.9.RELEASE.jar:5.2.9.RELEASE]
	... 20 more
2021-05-14 17:29:00,017 [background-preinit] INFO  org.hibernate.validator.internal.util.Version(<clinit>:21) - HV000001: Hibernate Validator 6.1.5.Final
2021-05-14 17:29:00,138 [main] INFO  io.spring.backoffice_batch.BackofficeBatchApplication(logStarting:55) - Starting BackofficeBatchApplication on DESKTOP-DD3UDDS with PID 16020 (C:\code\java\backoffice_projects\backoffice_batch\build\classes\java\main started by 박선홍 in C:\code\java\backoffice_projects\backoffice_batch)
2021-05-14 17:29:00,143 [main] DEBUG io.spring.backoffice_batch.BackofficeBatchApplication(logStarting:56) - Running with Spring Boot v2.3.4.RELEASE, Spring v5.2.9.RELEASE
2021-05-14 17:29:00,145 [main] INFO  io.spring.backoffice_batch.BackofficeBatchApplication(logStartupProfileInfo:651) - No active profile set, falling back to default profiles: default
2021-05-14 17:29:01,415 [main] INFO  org.springframework.data.repository.config.RepositoryConfigurationDelegate(registerRepositoriesIn:127) - Bootstrapping Spring Data JPA repositories in DEFERRED mode.
2021-05-14 17:29:01,447 [main] INFO  org.springframework.data.repository.config.RepositoryConfigurationDelegate(registerRepositoriesIn:187) - Finished Spring Data repository scanning in 17ms. Found 0 JPA repository interfaces.
2021-05-14 17:29:01,657 [main] WARN  org.mybatis.spring.mapper.ClassPathMapperScanner(warn:44) - No MyBatis mapper was found in '[io.spring.backoffice_batch]' package. Please check your configuration.
2021-05-14 17:29:02,340 [main] INFO  org.springframework.boot.web.embedded.tomcat.TomcatWebServer(initialize:108) - Tomcat initialized with port(s): 8081 (http)
2021-05-14 17:29:02,357 [main] INFO  org.apache.coyote.http11.Http11NioProtocol(log:173) - Initializing ProtocolHandler ["http-nio-8081"]
2021-05-14 17:29:02,358 [main] INFO  org.apache.catalina.core.StandardService(log:173) - Starting service [Tomcat]
2021-05-14 17:29:02,358 [main] INFO  org.apache.catalina.core.StandardEngine(log:173) - Starting Servlet engine: [Apache Tomcat/9.0.38]
2021-05-14 17:29:02,687 [main] INFO  org.apache.catalina.core.ContainerBase.[Tomcat].[localhost].[/](log:173) - Initializing Spring embedded WebApplicationContext
2021-05-14 17:29:02,687 [main] INFO  org.springframework.boot.web.servlet.context.ServletWebServerApplicationContext(prepareWebApplicationContext:285) - Root WebApplicationContext: initialization completed in 2429 ms
2021-05-14 17:29:02,913 [main] INFO  org.flywaydb.core.internal.license.VersionPrinter(info:49) - Flyway Community Edition 6.4.4 by Redgate
2021-05-14 17:29:03,000 [main] WARN  org.flywaydb.core.internal.scanner.classpath.ClassPathScanner(warn:53) - Unable to resolve location classpath:db/migration. Note this warning will become an error in Flyway 7.
2021-05-14 17:29:03,002 [main] INFO  com.zaxxer.hikari.HikariDataSource(getConnection:110) - HikariPool-1 - Starting...
2021-05-14 17:29:03,376 [main] INFO  com.zaxxer.hikari.HikariDataSource(getConnection:123) - HikariPool-1 - Start completed.
2021-05-14 17:29:03,420 [main] INFO  org.flywaydb.core.internal.database.DatabaseFactory(info:49) - Database: jdbc:mysql://localhost:3306/trdst (MySQL 5.7)
2021-05-14 17:29:03,533 [main] INFO  org.flywaydb.core.internal.command.DbValidate(info:49) - Successfully validated 0 migrations (execution time 00:00.055s)
2021-05-14 17:29:03,533 [main] WARN  org.flywaydb.core.internal.command.DbValidate(warn:53) - No migrations found. Are your locations set up correctly?
2021-05-14 17:29:03,591 [main] INFO  org.flywaydb.core.internal.command.DbMigrate(info:49) - Current version of schema `trdst`: << Empty Schema >>
2021-05-14 17:29:03,597 [main] INFO  org.flywaydb.core.internal.command.DbMigrate(info:49) - Schema `trdst` is up to date. No migration necessary.
2021-05-14 17:29:03,741 [main] INFO  org.springframework.scheduling.concurrent.ThreadPoolTaskExecutor(initialize:181) - Initializing ExecutorService 'applicationTaskExecutor'
2021-05-14 17:29:03,824 [task-1] INFO  org.hibernate.jpa.internal.util.LogHelper(logPersistenceUnitInformation:31) - HHH000204: Processing PersistenceUnitInfo [name: default]
2021-05-14 17:29:04,009 [task-1] INFO  org.hibernate.Version(logVersion:46) - HHH000412: Hibernate Core {5.4.2.Final}
2021-05-14 17:29:04,053 [main] WARN  org.springframework.boot.autoconfigure.orm.jpa.JpaBaseConfiguration$JpaWebConfiguration(openEntityManagerInViewInterceptor:220) - spring.jpa.open-in-view is enabled by default. Therefore, database queries may be performed during view rendering. Explicitly configure spring.jpa.open-in-view to disable this warning
2021-05-14 17:29:04,299 [task-1] INFO  org.hibernate.annotations.common.Version(<clinit>:49) - HCANN000001: Hibernate Commons Annotations {5.1.0.Final}
2021-05-14 17:29:04,501 [task-1] INFO  org.hibernate.dialect.Dialect(<init>:158) - HHH000400: Using dialect: org.hibernate.dialect.MySQL5InnoDBDialect
2021-05-14 17:29:04,681 [main] WARN  org.springframework.boot.autoconfigure.batch.JpaBatchConfigurer(determineIsolationLevel:57) - JPA does not support custom isolation levels, so locks may not be taken when launching Jobs
2021-05-14 17:29:04,689 [main] INFO  org.springframework.batch.core.repository.support.JobRepositoryFactoryBean(afterPropertiesSet:184) - No database type set, using meta data indicating: MYSQL
2021-05-14 17:29:04,721 [main] INFO  org.springframework.batch.core.launch.support.SimpleJobLauncher(afterPropertiesSet:209) - No TaskExecutor has been set, defaulting to synchronous executor.
2021-05-14 17:29:04,784 [task-1] INFO  org.hibernate.engine.transaction.jta.platform.internal.JtaPlatformInitiator(initiateService:52) - HHH000490: Using JtaPlatform implementation: [org.hibernate.engine.transaction.jta.platform.internal.NoJtaPlatform]
2021-05-14 17:29:04,790 [task-1] INFO  org.springframework.orm.jpa.LocalContainerEntityManagerFactoryBean(buildNativeEntityManagerFactory:416) - Initialized JPA EntityManagerFactory for persistence unit 'default'
2021-05-14 17:29:04,961 [main] INFO  org.springframework.boot.autoconfigure.security.servlet.UserDetailsServiceAutoConfiguration(getOrDeducePassword:86) - 

Using generated security password: c11ea34f-8912-4447-bf9f-5e2ef90fe8ee

2021-05-14 17:29:05,125 [main] INFO  org.springframework.security.web.DefaultSecurityFilterChain(<init>:43) - Creating filter chain: any request, [org.springframework.security.web.context.request.async.WebAsyncManagerIntegrationFilter@60cb1ed6, org.springframework.security.web.context.SecurityContextPersistenceFilter@5c53f292, org.springframework.security.web.header.HeaderWriterFilter@67bb4dcd, org.springframework.security.web.csrf.CsrfFilter@39dec536, org.springframework.security.web.authentication.logout.LogoutFilter@834e986, org.springframework.security.web.authentication.UsernamePasswordAuthenticationFilter@64b70f41, org.springframework.security.web.authentication.ui.DefaultLoginPageGeneratingFilter@996a546, org.springframework.security.web.authentication.ui.DefaultLogoutPageGeneratingFilter@1e5eb20a, org.springframework.security.web.authentication.www.BasicAuthenticationFilter@789c3057, org.springframework.security.web.savedrequest.RequestCacheAwareFilter@3b009e7b, org.springframework.security.web.servletapi.SecurityContextHolderAwareRequestFilter@69de5bed, org.springframework.security.web.authentication.AnonymousAuthenticationFilter@4538856f, org.springframework.security.web.session.SessionManagementFilter@6fa2448b, org.springframework.security.web.access.ExceptionTranslationFilter@34451ed8, org.springframework.security.web.access.intercept.FilterSecurityInterceptor@2287395]
2021-05-14 17:29:05,167 [main] INFO  org.apache.coyote.http11.Http11NioProtocol(log:173) - Starting ProtocolHandler ["http-nio-8081"]
2021-05-14 17:29:05,201 [main] INFO  org.springframework.boot.web.embedded.tomcat.TomcatWebServer(start:220) - Tomcat started on port(s): 8081 (http) with context path ''
2021-05-14 17:29:05,206 [main] INFO  org.springframework.data.repository.config.DeferredRepositoryInitializationListener(onApplicationEvent:49) - Triggering deferred initialization of Spring Data repositories…
2021-05-14 17:29:05,207 [main] INFO  org.springframework.data.repository.config.DeferredRepositoryInitializationListener(onApplicationEvent:53) - Spring Data repositories initialized!
2021-05-14 17:29:05,222 [main] INFO  io.spring.backoffice_batch.BackofficeBatchApplication(logStarted:61) - Started BackofficeBatchApplication in 5.722 seconds (JVM running for 8.754)
2021-05-14 17:29:05,226 [main] INFO  org.springframework.boot.autoconfigure.batch.JobLauncherApplicationRunner(run:154) - Running default command line with: []
2021-05-14 17:29:05,497 [main] INFO  org.springframework.batch.core.launch.support.SimpleJobLauncher(run:145) - Job: [SimpleJob: [name=simpleJob]] launched with the following parameters: [{}]
2021-05-14 17:29:05,631 [main] INFO  org.springframework.batch.core.job.SimpleStepHandler(handleStep:146) - Executing step: [simpleStep1]
2021-05-14 17:29:05,673 [main] INFO  io.spring.backoffice_batch.job.SimpleJobConfiguration(lambda$simpleStep1$0:31) - ----- This is Step1
2021-05-14 17:29:05,703 [main] INFO  org.springframework.batch.core.step.AbstractStep(execute:272) - Step: [simpleStep1] executed in 72ms
2021-05-14 17:29:05,747 [main] INFO  org.springframework.batch.core.launch.support.SimpleJobLauncher(run:149) - Job: [SimpleJob: [name=simpleJob]] completed with the following parameters: [{}] and the following status: [COMPLETED] in 196ms
