2021-05-17 11:15:03,097 [background-preinit] INFO  org.hibernate.validator.internal.util.Version(<clinit>:21) - HV000001: Hibernate Validator 6.1.5.Final
2021-05-17 11:15:03,161 [main] INFO  io.spring.backoffice_batch.BackofficeBatchApplication(logStarting:55) - Starting BackofficeBatchApplication on DESKTOP-DD3UDDS with PID 9800 (C:\code\java\backoffice_projects\backoffice_batch\build\classes\java\main started by 박선홍 in C:\code\java\backoffice_projects\backoffice_batch)
2021-05-17 11:15:03,165 [main] DEBUG io.spring.backoffice_batch.BackofficeBatchApplication(logStarting:56) - Running with Spring Boot v2.3.4.RELEASE, Spring v5.2.9.RELEASE
2021-05-17 11:15:03,167 [main] INFO  io.spring.backoffice_batch.BackofficeBatchApplication(logStartupProfileInfo:651) - No active profile set, falling back to default profiles: default
2021-05-17 11:15:04,238 [main] INFO  org.springframework.data.repository.config.RepositoryConfigurationDelegate(registerRepositoriesIn:127) - Bootstrapping Spring Data JPA repositories in DEFERRED mode.
2021-05-17 11:15:04,259 [main] INFO  org.springframework.data.repository.config.RepositoryConfigurationDelegate(registerRepositoriesIn:187) - Finished Spring Data repository scanning in 13ms. Found 0 JPA repository interfaces.
2021-05-17 11:15:04,392 [main] WARN  org.mybatis.spring.mapper.ClassPathMapperScanner(warn:44) - No MyBatis mapper was found in '[io.spring.backoffice_batch]' package. Please check your configuration.
2021-05-17 11:15:04,796 [main] INFO  org.springframework.boot.web.embedded.tomcat.TomcatWebServer(initialize:108) - Tomcat initialized with port(s): 8081 (http)
2021-05-17 11:15:04,804 [main] INFO  org.apache.coyote.http11.Http11NioProtocol(log:173) - Initializing ProtocolHandler ["http-nio-8081"]
2021-05-17 11:15:04,805 [main] INFO  org.apache.catalina.core.StandardService(log:173) - Starting service [Tomcat]
2021-05-17 11:15:04,805 [main] INFO  org.apache.catalina.core.StandardEngine(log:173) - Starting Servlet engine: [Apache Tomcat/9.0.38]
2021-05-17 11:15:04,988 [main] INFO  org.apache.catalina.core.ContainerBase.[Tomcat].[localhost].[/](log:173) - Initializing Spring embedded WebApplicationContext
2021-05-17 11:15:04,989 [main] INFO  org.springframework.boot.web.servlet.context.ServletWebServerApplicationContext(prepareWebApplicationContext:285) - Root WebApplicationContext: initialization completed in 1712 ms
2021-05-17 11:15:05,120 [main] INFO  org.flywaydb.core.internal.license.VersionPrinter(info:49) - Flyway Community Edition 6.4.4 by Redgate
2021-05-17 11:15:05,174 [main] WARN  org.flywaydb.core.internal.scanner.classpath.ClassPathScanner(warn:53) - Unable to resolve location classpath:db/migration. Note this warning will become an error in Flyway 7.
2021-05-17 11:15:05,176 [main] INFO  com.zaxxer.hikari.HikariDataSource(getConnection:110) - HikariPool-1 - Starting...
2021-05-17 11:15:05,508 [main] INFO  com.zaxxer.hikari.HikariDataSource(getConnection:123) - HikariPool-1 - Start completed.
2021-05-17 11:15:05,540 [main] INFO  org.flywaydb.core.internal.database.DatabaseFactory(info:49) - Database: jdbc:mysql://localhost:3306/trdst (MySQL 5.7)
2021-05-17 11:15:05,619 [main] INFO  org.flywaydb.core.internal.command.DbValidate(info:49) - Successfully validated 0 migrations (execution time 00:00.035s)
2021-05-17 11:15:05,620 [main] WARN  org.flywaydb.core.internal.command.DbValidate(warn:53) - No migrations found. Are your locations set up correctly?
2021-05-17 11:15:05,661 [main] INFO  org.flywaydb.core.internal.command.DbMigrate(info:49) - Current version of schema `trdst`: << Empty Schema >>
2021-05-17 11:15:05,665 [main] INFO  org.flywaydb.core.internal.command.DbMigrate(info:49) - Schema `trdst` is up to date. No migration necessary.
2021-05-17 11:15:05,782 [main] INFO  org.springframework.scheduling.concurrent.ThreadPoolTaskExecutor(initialize:181) - Initializing ExecutorService 'applicationTaskExecutor'
2021-05-17 11:15:05,865 [task-1] INFO  org.hibernate.jpa.internal.util.LogHelper(logPersistenceUnitInformation:31) - HHH000204: Processing PersistenceUnitInfo [name: default]
2021-05-17 11:15:06,039 [task-1] INFO  org.hibernate.Version(logVersion:46) - HHH000412: Hibernate Core {5.4.2.Final}
2021-05-17 11:15:06,087 [main] WARN  org.springframework.boot.autoconfigure.orm.jpa.JpaBaseConfiguration$JpaWebConfiguration(openEntityManagerInViewInterceptor:220) - spring.jpa.open-in-view is enabled by default. Therefore, database queries may be performed during view rendering. Explicitly configure spring.jpa.open-in-view to disable this warning
2021-05-17 11:15:06,357 [task-1] INFO  org.hibernate.annotations.common.Version(<clinit>:49) - HCANN000001: Hibernate Commons Annotations {5.1.0.Final}
2021-05-17 11:15:06,537 [task-1] INFO  org.hibernate.dialect.Dialect(<init>:158) - HHH000400: Using dialect: org.hibernate.dialect.MySQL5InnoDBDialect
2021-05-17 11:15:06,677 [main] WARN  org.springframework.boot.autoconfigure.batch.JpaBatchConfigurer(determineIsolationLevel:57) - JPA does not support custom isolation levels, so locks may not be taken when launching Jobs
2021-05-17 11:15:06,682 [main] INFO  org.springframework.batch.core.repository.support.JobRepositoryFactoryBean(afterPropertiesSet:184) - No database type set, using meta data indicating: MYSQL
2021-05-17 11:15:06,702 [main] INFO  org.springframework.batch.core.launch.support.SimpleJobLauncher(afterPropertiesSet:209) - No TaskExecutor has been set, defaulting to synchronous executor.
2021-05-17 11:15:06,740 [task-1] INFO  org.hibernate.engine.transaction.jta.platform.internal.JtaPlatformInitiator(initiateService:52) - HHH000490: Using JtaPlatform implementation: [org.hibernate.engine.transaction.jta.platform.internal.NoJtaPlatform]
2021-05-17 11:15:06,744 [task-1] INFO  org.springframework.orm.jpa.LocalContainerEntityManagerFactoryBean(buildNativeEntityManagerFactory:416) - Initialized JPA EntityManagerFactory for persistence unit 'default'
2021-05-17 11:15:06,856 [main] INFO  org.springframework.boot.autoconfigure.security.servlet.UserDetailsServiceAutoConfiguration(getOrDeducePassword:86) - 

Using generated security password: 895b9eb5-fba7-4b10-bdb1-86b4c58d101c

2021-05-17 11:15:06,974 [main] INFO  org.springframework.security.web.DefaultSecurityFilterChain(<init>:43) - Creating filter chain: any request, [org.springframework.security.web.context.request.async.WebAsyncManagerIntegrationFilter@49433c98, org.springframework.security.web.context.SecurityContextPersistenceFilter@69de5bed, org.springframework.security.web.header.HeaderWriterFilter@67fa5045, org.springframework.security.web.csrf.CsrfFilter@7fedb795, org.springframework.security.web.authentication.logout.LogoutFilter@58324c9f, org.springframework.security.web.authentication.UsernamePasswordAuthenticationFilter@6f5d0190, org.springframework.security.web.authentication.ui.DefaultLoginPageGeneratingFilter@7741771e, org.springframework.security.web.authentication.ui.DefaultLogoutPageGeneratingFilter@b5c6a30, org.springframework.security.web.authentication.www.BasicAuthenticationFilter@1f9d4b0e, org.springframework.security.web.savedrequest.RequestCacheAwareFilter@996a546, org.springframework.security.web.servletapi.SecurityContextHolderAwareRequestFilter@cfd1075, org.springframework.security.web.authentication.AnonymousAuthenticationFilter@3bfae028, org.springframework.security.web.session.SessionManagementFilter@5974b233, org.springframework.security.web.access.ExceptionTranslationFilter@5ff00507, org.springframework.security.web.access.intercept.FilterSecurityInterceptor@62b09715]
2021-05-17 11:15:07,023 [main] INFO  org.apache.coyote.http11.Http11NioProtocol(log:173) - Starting ProtocolHandler ["http-nio-8081"]
2021-05-17 11:15:07,054 [main] INFO  org.springframework.boot.web.embedded.tomcat.TomcatWebServer(start:220) - Tomcat started on port(s): 8081 (http) with context path ''
2021-05-17 11:15:07,057 [main] INFO  org.springframework.data.repository.config.DeferredRepositoryInitializationListener(onApplicationEvent:49) - Triggering deferred initialization of Spring Data repositories…
2021-05-17 11:15:07,058 [main] INFO  org.springframework.data.repository.config.DeferredRepositoryInitializationListener(onApplicationEvent:53) - Spring Data repositories initialized!
2021-05-17 11:15:07,069 [main] INFO  io.spring.backoffice_batch.BackofficeBatchApplication(logStarted:61) - Started BackofficeBatchApplication in 4.281 seconds (JVM running for 6.421)
2021-05-17 11:15:07,072 [main] INFO  org.springframework.boot.autoconfigure.batch.JobLauncherApplicationRunner(run:154) - Running default command line with: []
2021-05-17 11:15:07,353 [main] INFO  org.springframework.boot.autoconfigure.logging.ConditionEvaluationReportLoggingListener(logMessage:136) - 

Error starting ApplicationContext. To display the conditions report re-run your application with 'debug' enabled.
2021-05-17 11:15:07,365 [main] ERROR org.springframework.boot.SpringApplication(reportFailure:837) - Application run failed
java.lang.IllegalStateException: Failed to execute ApplicationRunner
	at org.springframework.boot.SpringApplication.callRunner(SpringApplication.java:789) [spring-boot-2.3.4.RELEASE.jar:2.3.4.RELEASE]
	at org.springframework.boot.SpringApplication.callRunners(SpringApplication.java:776) [spring-boot-2.3.4.RELEASE.jar:2.3.4.RELEASE]
	at org.springframework.boot.SpringApplication.run(SpringApplication.java:322) [spring-boot-2.3.4.RELEASE.jar:2.3.4.RELEASE]
	at org.springframework.boot.SpringApplication.run(SpringApplication.java:1237) [spring-boot-2.3.4.RELEASE.jar:2.3.4.RELEASE]
	at org.springframework.boot.SpringApplication.run(SpringApplication.java:1226) [spring-boot-2.3.4.RELEASE.jar:2.3.4.RELEASE]
	at io.spring.backoffice_batch.BackofficeBatchApplication.main(BackofficeBatchApplication.java:12) [main/:?]
Caused by: org.springframework.dao.DuplicateKeyException: PreparedStatementCallback; SQL [INSERT into BATCH_JOB_INSTANCE(JOB_INSTANCE_ID, JOB_NAME, JOB_KEY, VERSION) values (?, ?, ?, ?)]; Duplicate entry '0' for key 'PRIMARY'; nested exception is java.sql.SQLIntegrityConstraintViolationException: Duplicate entry '0' for key 'PRIMARY'
	at org.springframework.jdbc.support.SQLErrorCodeSQLExceptionTranslator.doTranslate(SQLErrorCodeSQLExceptionTranslator.java:247) ~[spring-jdbc-5.2.9.RELEASE.jar:5.2.9.RELEASE]
	at org.springframework.jdbc.support.AbstractFallbackSQLExceptionTranslator.translate(AbstractFallbackSQLExceptionTranslator.java:72) ~[spring-jdbc-5.2.9.RELEASE.jar:5.2.9.RELEASE]
	at org.springframework.jdbc.core.JdbcTemplate.translateException(JdbcTemplate.java:1443) ~[spring-jdbc-5.2.9.RELEASE.jar:5.2.9.RELEASE]
	at org.springframework.jdbc.core.JdbcTemplate.execute(JdbcTemplate.java:633) ~[spring-jdbc-5.2.9.RELEASE.jar:5.2.9.RELEASE]
	at org.springframework.jdbc.core.JdbcTemplate.update(JdbcTemplate.java:862) ~[spring-jdbc-5.2.9.RELEASE.jar:5.2.9.RELEASE]
	at org.springframework.jdbc.core.JdbcTemplate.update(JdbcTemplate.java:917) ~[spring-jdbc-5.2.9.RELEASE.jar:5.2.9.RELEASE]
	at org.springframework.jdbc.core.JdbcTemplate.update(JdbcTemplate.java:922) ~[spring-jdbc-5.2.9.RELEASE.jar:5.2.9.RELEASE]
	at org.springframework.batch.core.repository.dao.JdbcJobInstanceDao.createJobInstance(JdbcJobInstanceDao.java:120) ~[spring-batch-core-4.2.4.RELEASE.jar:4.2.4.RELEASE]
	at org.springframework.batch.core.repository.support.SimpleJobRepository.createJobExecution(SimpleJobRepository.java:140) ~[spring-batch-core-4.2.4.RELEASE.jar:4.2.4.RELEASE]
	at sun.reflect.NativeMethodAccessorImpl.invoke0(Native Method) ~[?:1.8.0_242]
	at sun.reflect.NativeMethodAccessorImpl.invoke(NativeMethodAccessorImpl.java:62) ~[?:1.8.0_242]
	at sun.reflect.DelegatingMethodAccessorImpl.invoke(DelegatingMethodAccessorImpl.java:43) ~[?:1.8.0_242]
	at java.lang.reflect.Method.invoke(Method.java:498) ~[?:1.8.0_242]
	at org.springframework.aop.support.AopUtils.invokeJoinpointUsingReflection(AopUtils.java:344) ~[spring-aop-5.2.9.RELEASE.jar:5.2.9.RELEASE]
	at org.springframework.aop.framework.ReflectiveMethodInvocation.invokeJoinpoint(ReflectiveMethodInvocation.java:198) ~[spring-aop-5.2.9.RELEASE.jar:5.2.9.RELEASE]
	at org.springframework.aop.framework.ReflectiveMethodInvocation.proceed(ReflectiveMethodInvocation.java:163) ~[spring-aop-5.2.9.RELEASE.jar:5.2.9.RELEASE]
	at org.springframework.transaction.interceptor.TransactionAspectSupport.invokeWithinTransaction(TransactionAspectSupport.java:367) ~[spring-tx-5.2.9.RELEASE.jar:5.2.9.RELEASE]
	at org.springframework.transaction.interceptor.TransactionInterceptor.invoke(TransactionInterceptor.java:118) ~[spring-tx-5.2.9.RELEASE.jar:5.2.9.RELEASE]
	at org.springframework.aop.framework.ReflectiveMethodInvocation.proceed(ReflectiveMethodInvocation.java:186) ~[spring-aop-5.2.9.RELEASE.jar:5.2.9.RELEASE]
	at org.springframework.batch.core.repository.support.AbstractJobRepositoryFactoryBean$1.invoke(AbstractJobRepositoryFactoryBean.java:181) ~[spring-batch-core-4.2.4.RELEASE.jar:4.2.4.RELEASE]
	at org.springframework.aop.framework.ReflectiveMethodInvocation.proceed(ReflectiveMethodInvocation.java:186) ~[spring-aop-5.2.9.RELEASE.jar:5.2.9.RELEASE]
	at org.springframework.aop.framework.JdkDynamicAopProxy.invoke(JdkDynamicAopProxy.java:212) ~[spring-aop-5.2.9.RELEASE.jar:5.2.9.RELEASE]
	at com.sun.proxy.$Proxy83.createJobExecution(Unknown Source) ~[?:?]
	at org.springframework.batch.core.launch.support.SimpleJobLauncher.run(SimpleJobLauncher.java:137) ~[spring-batch-core-4.2.4.RELEASE.jar:4.2.4.RELEASE]
	at sun.reflect.NativeMethodAccessorImpl.invoke0(Native Method) ~[?:1.8.0_242]
	at sun.reflect.NativeMethodAccessorImpl.invoke(NativeMethodAccessorImpl.java:62) ~[?:1.8.0_242]
	at sun.reflect.DelegatingMethodAccessorImpl.invoke(DelegatingMethodAccessorImpl.java:43) ~[?:1.8.0_242]
	at java.lang.reflect.Method.invoke(Method.java:498) ~[?:1.8.0_242]
	at org.springframework.aop.support.AopUtils.invokeJoinpointUsingReflection(AopUtils.java:344) ~[spring-aop-5.2.9.RELEASE.jar:5.2.9.RELEASE]
	at org.springframework.aop.framework.ReflectiveMethodInvocation.invokeJoinpoint(ReflectiveMethodInvocation.java:198) ~[spring-aop-5.2.9.RELEASE.jar:5.2.9.RELEASE]
	at org.springframework.aop.framework.ReflectiveMethodInvocation.proceed(ReflectiveMethodInvocation.java:163) ~[spring-aop-5.2.9.RELEASE.jar:5.2.9.RELEASE]
	at org.springframework.batch.core.configuration.annotation.SimpleBatchConfiguration$PassthruAdvice.invoke(SimpleBatchConfiguration.java:127) ~[spring-batch-core-4.2.4.RELEASE.jar:4.2.4.RELEASE]
	at org.springframework.aop.framework.ReflectiveMethodInvocation.proceed(ReflectiveMethodInvocation.java:186) ~[spring-aop-5.2.9.RELEASE.jar:5.2.9.RELEASE]
	at org.springframework.aop.framework.JdkDynamicAopProxy.invoke(JdkDynamicAopProxy.java:212) ~[spring-aop-5.2.9.RELEASE.jar:5.2.9.RELEASE]
	at com.sun.proxy.$Proxy86.run(Unknown Source) ~[?:?]
	at org.springframework.boot.autoconfigure.batch.JobLauncherApplicationRunner.execute(JobLauncherApplicationRunner.java:199) ~[spring-boot-autoconfigure-2.3.4.RELEASE.jar:2.3.4.RELEASE]
	at org.springframework.boot.autoconfigure.batch.JobLauncherApplicationRunner.executeLocalJobs(JobLauncherApplicationRunner.java:173) ~[spring-boot-autoconfigure-2.3.4.RELEASE.jar:2.3.4.RELEASE]
	at org.springframework.boot.autoconfigure.batch.JobLauncherApplicationRunner.launchJobFromProperties(JobLauncherApplicationRunner.java:160) ~[spring-boot-autoconfigure-2.3.4.RELEASE.jar:2.3.4.RELEASE]
	at org.springframework.boot.autoconfigure.batch.JobLauncherApplicationRunner.run(JobLauncherApplicationRunner.java:155) ~[spring-boot-autoconfigure-2.3.4.RELEASE.jar:2.3.4.RELEASE]
	at org.springframework.boot.autoconfigure.batch.JobLauncherApplicationRunner.run(JobLauncherApplicationRunner.java:150) ~[spring-boot-autoconfigure-2.3.4.RELEASE.jar:2.3.4.RELEASE]
	at org.springframework.boot.SpringApplication.callRunner(SpringApplication.java:786) ~[spring-boot-2.3.4.RELEASE.jar:2.3.4.RELEASE]
	... 5 more
Caused by: java.sql.SQLIntegrityConstraintViolationException: Duplicate entry '0' for key 'PRIMARY'
	at com.mysql.cj.jdbc.exceptions.SQLError.createSQLException(SQLError.java:117) ~[mysql-connector-java-8.0.21.jar:8.0.21]
	at com.mysql.cj.jdbc.exceptions.SQLError.createSQLException(SQLError.java:97) ~[mysql-connector-java-8.0.21.jar:8.0.21]
	at com.mysql.cj.jdbc.exceptions.SQLExceptionsMapping.translateException(SQLExceptionsMapping.java:122) ~[mysql-connector-java-8.0.21.jar:8.0.21]
	at com.mysql.cj.jdbc.ClientPreparedStatement.executeInternal(ClientPreparedStatement.java:953) ~[mysql-connector-java-8.0.21.jar:8.0.21]
	at com.mysql.cj.jdbc.ClientPreparedStatement.executeUpdateInternal(ClientPreparedStatement.java:1092) ~[mysql-connector-java-8.0.21.jar:8.0.21]
	at com.mysql.cj.jdbc.ClientPreparedStatement.executeUpdateInternal(ClientPreparedStatement.java:1040) ~[mysql-connector-java-8.0.21.jar:8.0.21]
	at com.mysql.cj.jdbc.ClientPreparedStatement.executeLargeUpdate(ClientPreparedStatement.java:1347) ~[mysql-connector-java-8.0.21.jar:8.0.21]
	at com.mysql.cj.jdbc.ClientPreparedStatement.executeUpdate(ClientPreparedStatement.java:1025) ~[mysql-connector-java-8.0.21.jar:8.0.21]
	at com.zaxxer.hikari.pool.ProxyPreparedStatement.executeUpdate(ProxyPreparedStatement.java:61) ~[HikariCP-3.4.5.jar:?]
	at com.zaxxer.hikari.pool.HikariProxyPreparedStatement.executeUpdate(HikariProxyPreparedStatement.java) ~[HikariCP-3.4.5.jar:?]
	at org.springframework.jdbc.core.JdbcTemplate.lambda$update$0(JdbcTemplate.java:867) ~[spring-jdbc-5.2.9.RELEASE.jar:5.2.9.RELEASE]
	at org.springframework.jdbc.core.JdbcTemplate.execute(JdbcTemplate.java:617) ~[spring-jdbc-5.2.9.RELEASE.jar:5.2.9.RELEASE]
	at org.springframework.jdbc.core.JdbcTemplate.update(JdbcTemplate.java:862) ~[spring-jdbc-5.2.9.RELEASE.jar:5.2.9.RELEASE]
	at org.springframework.jdbc.core.JdbcTemplate.update(JdbcTemplate.java:917) ~[spring-jdbc-5.2.9.RELEASE.jar:5.2.9.RELEASE]
	at org.springframework.jdbc.core.JdbcTemplate.update(JdbcTemplate.java:922) ~[spring-jdbc-5.2.9.RELEASE.jar:5.2.9.RELEASE]
	at org.springframework.batch.core.repository.dao.JdbcJobInstanceDao.createJobInstance(JdbcJobInstanceDao.java:120) ~[spring-batch-core-4.2.4.RELEASE.jar:4.2.4.RELEASE]
	at org.springframework.batch.core.repository.support.SimpleJobRepository.createJobExecution(SimpleJobRepository.java:140) ~[spring-batch-core-4.2.4.RELEASE.jar:4.2.4.RELEASE]
	at sun.reflect.NativeMethodAccessorImpl.invoke0(Native Method) ~[?:1.8.0_242]
	at sun.reflect.NativeMethodAccessorImpl.invoke(NativeMethodAccessorImpl.java:62) ~[?:1.8.0_242]
	at sun.reflect.DelegatingMethodAccessorImpl.invoke(DelegatingMethodAccessorImpl.java:43) ~[?:1.8.0_242]
	at java.lang.reflect.Method.invoke(Method.java:498) ~[?:1.8.0_242]
	at org.springframework.aop.support.AopUtils.invokeJoinpointUsingReflection(AopUtils.java:344) ~[spring-aop-5.2.9.RELEASE.jar:5.2.9.RELEASE]
	at org.springframework.aop.framework.ReflectiveMethodInvocation.invokeJoinpoint(ReflectiveMethodInvocation.java:198) ~[spring-aop-5.2.9.RELEASE.jar:5.2.9.RELEASE]
	at org.springframework.aop.framework.ReflectiveMethodInvocation.proceed(ReflectiveMethodInvocation.java:163) ~[spring-aop-5.2.9.RELEASE.jar:5.2.9.RELEASE]
	at org.springframework.transaction.interceptor.TransactionAspectSupport.invokeWithinTransaction(TransactionAspectSupport.java:367) ~[spring-tx-5.2.9.RELEASE.jar:5.2.9.RELEASE]
	at org.springframework.transaction.interceptor.TransactionInterceptor.invoke(TransactionInterceptor.java:118) ~[spring-tx-5.2.9.RELEASE.jar:5.2.9.RELEASE]
	at org.springframework.aop.framework.ReflectiveMethodInvocation.proceed(ReflectiveMethodInvocation.java:186) ~[spring-aop-5.2.9.RELEASE.jar:5.2.9.RELEASE]
	at org.springframework.batch.core.repository.support.AbstractJobRepositoryFactoryBean$1.invoke(AbstractJobRepositoryFactoryBean.java:181) ~[spring-batch-core-4.2.4.RELEASE.jar:4.2.4.RELEASE]
	at org.springframework.aop.framework.ReflectiveMethodInvocation.proceed(ReflectiveMethodInvocation.java:186) ~[spring-aop-5.2.9.RELEASE.jar:5.2.9.RELEASE]
	at org.springframework.aop.framework.JdkDynamicAopProxy.invoke(JdkDynamicAopProxy.java:212) ~[spring-aop-5.2.9.RELEASE.jar:5.2.9.RELEASE]
	at com.sun.proxy.$Proxy83.createJobExecution(Unknown Source) ~[?:?]
	at org.springframework.batch.core.launch.support.SimpleJobLauncher.run(SimpleJobLauncher.java:137) ~[spring-batch-core-4.2.4.RELEASE.jar:4.2.4.RELEASE]
	at sun.reflect.NativeMethodAccessorImpl.invoke0(Native Method) ~[?:1.8.0_242]
	at sun.reflect.NativeMethodAccessorImpl.invoke(NativeMethodAccessorImpl.java:62) ~[?:1.8.0_242]
	at sun.reflect.DelegatingMethodAccessorImpl.invoke(DelegatingMethodAccessorImpl.java:43) ~[?:1.8.0_242]
	at java.lang.reflect.Method.invoke(Method.java:498) ~[?:1.8.0_242]
	at org.springframework.aop.support.AopUtils.invokeJoinpointUsingReflection(AopUtils.java:344) ~[spring-aop-5.2.9.RELEASE.jar:5.2.9.RELEASE]
	at org.springframework.aop.framework.ReflectiveMethodInvocation.invokeJoinpoint(ReflectiveMethodInvocation.java:198) ~[spring-aop-5.2.9.RELEASE.jar:5.2.9.RELEASE]
	at org.springframework.aop.framework.ReflectiveMethodInvocation.proceed(ReflectiveMethodInvocation.java:163) ~[spring-aop-5.2.9.RELEASE.jar:5.2.9.RELEASE]
	at org.springframework.batch.core.configuration.annotation.SimpleBatchConfiguration$PassthruAdvice.invoke(SimpleBatchConfiguration.java:127) ~[spring-batch-core-4.2.4.RELEASE.jar:4.2.4.RELEASE]
	at org.springframework.aop.framework.ReflectiveMethodInvocation.proceed(ReflectiveMethodInvocation.java:186) ~[spring-aop-5.2.9.RELEASE.jar:5.2.9.RELEASE]
	at org.springframework.aop.framework.JdkDynamicAopProxy.invoke(JdkDynamicAopProxy.java:212) ~[spring-aop-5.2.9.RELEASE.jar:5.2.9.RELEASE]
	at com.sun.proxy.$Proxy86.run(Unknown Source) ~[?:?]
	at org.springframework.boot.autoconfigure.batch.JobLauncherApplicationRunner.execute(JobLauncherApplicationRunner.java:199) ~[spring-boot-autoconfigure-2.3.4.RELEASE.jar:2.3.4.RELEASE]
	at org.springframework.boot.autoconfigure.batch.JobLauncherApplicationRunner.executeLocalJobs(JobLauncherApplicationRunner.java:173) ~[spring-boot-autoconfigure-2.3.4.RELEASE.jar:2.3.4.RELEASE]
	at org.springframework.boot.autoconfigure.batch.JobLauncherApplicationRunner.launchJobFromProperties(JobLauncherApplicationRunner.java:160) ~[spring-boot-autoconfigure-2.3.4.RELEASE.jar:2.3.4.RELEASE]
	at org.springframework.boot.autoconfigure.batch.JobLauncherApplicationRunner.run(JobLauncherApplicationRunner.java:155) ~[spring-boot-autoconfigure-2.3.4.RELEASE.jar:2.3.4.RELEASE]
	at org.springframework.boot.autoconfigure.batch.JobLauncherApplicationRunner.run(JobLauncherApplicationRunner.java:150) ~[spring-boot-autoconfigure-2.3.4.RELEASE.jar:2.3.4.RELEASE]
	at org.springframework.boot.SpringApplication.callRunner(SpringApplication.java:786) ~[spring-boot-2.3.4.RELEASE.jar:2.3.4.RELEASE]
	... 5 more
2021-05-17 11:15:07,708 [main] INFO  org.springframework.orm.jpa.LocalContainerEntityManagerFactoryBean(destroy:598) - Closing JPA EntityManagerFactory for persistence unit 'default'
2021-05-17 11:15:07,711 [main] INFO  org.springframework.scheduling.concurrent.ThreadPoolTaskExecutor(shutdown:218) - Shutting down ExecutorService 'applicationTaskExecutor'
2021-05-17 11:15:07,712 [main] INFO  com.zaxxer.hikari.HikariDataSource(close:350) - HikariPool-1 - Shutdown initiated...
2021-05-17 11:15:07,727 [main] INFO  com.zaxxer.hikari.HikariDataSource(close:352) - HikariPool-1 - Shutdown completed.
2021-05-17 11:31:33,209 [background-preinit] INFO  org.hibernate.validator.internal.util.Version(<clinit>:21) - HV000001: Hibernate Validator 6.1.5.Final
2021-05-17 11:31:33,271 [main] INFO  io.spring.backoffice_batch.BackofficeBatchApplication(logStarting:55) - Starting BackofficeBatchApplication on DESKTOP-DD3UDDS with PID 8568 (C:\code\java\backoffice_projects\backoffice_batch\build\classes\java\main started by 박선홍 in C:\code\java\backoffice_projects\backoffice_batch)
2021-05-17 11:31:33,271 [main] DEBUG io.spring.backoffice_batch.BackofficeBatchApplication(logStarting:56) - Running with Spring Boot v2.3.4.RELEASE, Spring v5.2.9.RELEASE
2021-05-17 11:31:33,287 [main] INFO  io.spring.backoffice_batch.BackofficeBatchApplication(logStartupProfileInfo:651) - No active profile set, falling back to default profiles: default
2021-05-17 11:31:34,416 [main] INFO  org.springframework.data.repository.config.RepositoryConfigurationDelegate(registerRepositoriesIn:127) - Bootstrapping Spring Data JPA repositories in DEFERRED mode.
2021-05-17 11:31:34,448 [main] INFO  org.springframework.data.repository.config.RepositoryConfigurationDelegate(registerRepositoriesIn:187) - Finished Spring Data repository scanning in 11ms. Found 0 JPA repository interfaces.
2021-05-17 11:31:34,629 [main] WARN  org.mybatis.spring.mapper.ClassPathMapperScanner(warn:44) - No MyBatis mapper was found in '[io.spring.backoffice_batch]' package. Please check your configuration.
2021-05-17 11:31:35,124 [main] INFO  org.springframework.boot.web.embedded.tomcat.TomcatWebServer(initialize:108) - Tomcat initialized with port(s): 8081 (http)
2021-05-17 11:31:35,139 [main] INFO  org.apache.coyote.http11.Http11NioProtocol(log:173) - Initializing ProtocolHandler ["http-nio-8081"]
2021-05-17 11:31:35,139 [main] INFO  org.apache.catalina.core.StandardService(log:173) - Starting service [Tomcat]
2021-05-17 11:31:35,139 [main] INFO  org.apache.catalina.core.StandardEngine(log:173) - Starting Servlet engine: [Apache Tomcat/9.0.38]
2021-05-17 11:31:35,311 [main] INFO  org.apache.catalina.core.ContainerBase.[Tomcat].[localhost].[/](log:173) - Initializing Spring embedded WebApplicationContext
2021-05-17 11:31:35,311 [main] INFO  org.springframework.boot.web.servlet.context.ServletWebServerApplicationContext(prepareWebApplicationContext:285) - Root WebApplicationContext: initialization completed in 1946 ms
2021-05-17 11:31:35,512 [main] INFO  org.flywaydb.core.internal.license.VersionPrinter(info:49) - Flyway Community Edition 6.4.4 by Redgate
2021-05-17 11:31:35,559 [main] WARN  org.flywaydb.core.internal.scanner.classpath.ClassPathScanner(warn:53) - Unable to resolve location classpath:db/migration. Note this warning will become an error in Flyway 7.
2021-05-17 11:31:35,559 [main] INFO  com.zaxxer.hikari.HikariDataSource(getConnection:110) - HikariPool-1 - Starting...
2021-05-17 11:31:35,837 [main] INFO  com.zaxxer.hikari.HikariDataSource(getConnection:123) - HikariPool-1 - Start completed.
2021-05-17 11:31:35,866 [main] INFO  org.flywaydb.core.internal.database.DatabaseFactory(info:49) - Database: jdbc:mysql://localhost:3306/trdst (MySQL 5.7)
2021-05-17 11:31:35,928 [main] INFO  org.flywaydb.core.internal.command.DbValidate(info:49) - Successfully validated 0 migrations (execution time 00:00.026s)
2021-05-17 11:31:35,928 [main] WARN  org.flywaydb.core.internal.command.DbValidate(warn:53) - No migrations found. Are your locations set up correctly?
2021-05-17 11:31:35,956 [main] INFO  org.flywaydb.core.internal.command.DbMigrate(info:49) - Current version of schema `trdst`: << Empty Schema >>
2021-05-17 11:31:35,960 [main] INFO  org.flywaydb.core.internal.command.DbMigrate(info:49) - Schema `trdst` is up to date. No migration necessary.
2021-05-17 11:31:36,044 [main] INFO  org.springframework.scheduling.concurrent.ThreadPoolTaskExecutor(initialize:181) - Initializing ExecutorService 'applicationTaskExecutor'
2021-05-17 11:31:36,099 [task-1] INFO  org.hibernate.jpa.internal.util.LogHelper(logPersistenceUnitInformation:31) - HHH000204: Processing PersistenceUnitInfo [name: default]
2021-05-17 11:31:36,241 [task-1] INFO  org.hibernate.Version(logVersion:46) - HHH000412: Hibernate Core {5.4.2.Final}
2021-05-17 11:31:36,291 [main] WARN  org.springframework.boot.autoconfigure.orm.jpa.JpaBaseConfiguration$JpaWebConfiguration(openEntityManagerInViewInterceptor:220) - spring.jpa.open-in-view is enabled by default. Therefore, database queries may be performed during view rendering. Explicitly configure spring.jpa.open-in-view to disable this warning
2021-05-17 11:31:36,465 [task-1] INFO  org.hibernate.annotations.common.Version(<clinit>:49) - HCANN000001: Hibernate Commons Annotations {5.1.0.Final}
2021-05-17 11:31:36,616 [task-1] INFO  org.hibernate.dialect.Dialect(<init>:158) - HHH000400: Using dialect: org.hibernate.dialect.MySQL5InnoDBDialect
2021-05-17 11:31:36,766 [main] WARN  org.springframework.boot.autoconfigure.batch.JpaBatchConfigurer(determineIsolationLevel:57) - JPA does not support custom isolation levels, so locks may not be taken when launching Jobs
2021-05-17 11:31:36,776 [main] INFO  org.springframework.batch.core.repository.support.JobRepositoryFactoryBean(afterPropertiesSet:184) - No database type set, using meta data indicating: MYSQL
2021-05-17 11:31:36,806 [main] INFO  org.springframework.batch.core.launch.support.SimpleJobLauncher(afterPropertiesSet:209) - No TaskExecutor has been set, defaulting to synchronous executor.
2021-05-17 11:31:36,857 [task-1] INFO  org.hibernate.engine.transaction.jta.platform.internal.JtaPlatformInitiator(initiateService:52) - HHH000490: Using JtaPlatform implementation: [org.hibernate.engine.transaction.jta.platform.internal.NoJtaPlatform]
2021-05-17 11:31:36,857 [task-1] INFO  org.springframework.orm.jpa.LocalContainerEntityManagerFactoryBean(buildNativeEntityManagerFactory:416) - Initialized JPA EntityManagerFactory for persistence unit 'default'
2021-05-17 11:31:36,998 [main] INFO  org.springframework.boot.autoconfigure.security.servlet.UserDetailsServiceAutoConfiguration(getOrDeducePassword:86) - 

Using generated security password: fe636176-3285-4233-833d-91388b41ad0f

2021-05-17 11:31:37,103 [main] INFO  org.springframework.security.web.DefaultSecurityFilterChain(<init>:43) - Creating filter chain: any request, [org.springframework.security.web.context.request.async.WebAsyncManagerIntegrationFilter@2f677247, org.springframework.security.web.context.SecurityContextPersistenceFilter@5a7df831, org.springframework.security.web.header.HeaderWriterFilter@750f64fe, org.springframework.security.web.csrf.CsrfFilter@c1050f2, org.springframework.security.web.authentication.logout.LogoutFilter@abad89c, org.springframework.security.web.authentication.UsernamePasswordAuthenticationFilter@1e5eb20a, org.springframework.security.web.authentication.ui.DefaultLoginPageGeneratingFilter@331ff3ac, org.springframework.security.web.authentication.ui.DefaultLogoutPageGeneratingFilter@43f03c23, org.springframework.security.web.authentication.www.BasicAuthenticationFilter@1ca610a0, org.springframework.security.web.savedrequest.RequestCacheAwareFilter@22d7fd41, org.springframework.security.web.servletapi.SecurityContextHolderAwareRequestFilter@604d23fa, org.springframework.security.web.authentication.AnonymousAuthenticationFilter@7a1b8a46, org.springframework.security.web.session.SessionManagementFilter@4fc165f6, org.springframework.security.web.access.ExceptionTranslationFilter@5c134052, org.springframework.security.web.access.intercept.FilterSecurityInterceptor@536b71b4]
2021-05-17 11:31:37,136 [main] INFO  org.apache.coyote.http11.Http11NioProtocol(log:173) - Starting ProtocolHandler ["http-nio-8081"]
2021-05-17 11:31:37,156 [main] INFO  org.springframework.boot.web.embedded.tomcat.TomcatWebServer(start:220) - Tomcat started on port(s): 8081 (http) with context path ''
2021-05-17 11:31:37,158 [main] INFO  org.springframework.data.repository.config.DeferredRepositoryInitializationListener(onApplicationEvent:49) - Triggering deferred initialization of Spring Data repositories…
2021-05-17 11:31:37,158 [main] INFO  org.springframework.data.repository.config.DeferredRepositoryInitializationListener(onApplicationEvent:53) - Spring Data repositories initialized!
2021-05-17 11:31:37,166 [main] INFO  io.spring.backoffice_batch.BackofficeBatchApplication(logStarted:61) - Started BackofficeBatchApplication in 4.31 seconds (JVM running for 5.643)
2021-05-17 11:31:37,167 [main] INFO  org.springframework.boot.autoconfigure.batch.JobLauncherApplicationRunner(run:154) - Running default command line with: []
2021-05-17 11:31:37,474 [main] INFO  org.springframework.boot.autoconfigure.logging.ConditionEvaluationReportLoggingListener(logMessage:136) - 

Error starting ApplicationContext. To display the conditions report re-run your application with 'debug' enabled.
2021-05-17 11:31:37,482 [main] ERROR org.springframework.boot.SpringApplication(reportFailure:837) - Application run failed
java.lang.IllegalStateException: Failed to execute ApplicationRunner
	at org.springframework.boot.SpringApplication.callRunner(SpringApplication.java:789) [spring-boot-2.3.4.RELEASE.jar:2.3.4.RELEASE]
	at org.springframework.boot.SpringApplication.callRunners(SpringApplication.java:776) [spring-boot-2.3.4.RELEASE.jar:2.3.4.RELEASE]
	at org.springframework.boot.SpringApplication.run(SpringApplication.java:322) [spring-boot-2.3.4.RELEASE.jar:2.3.4.RELEASE]
	at org.springframework.boot.SpringApplication.run(SpringApplication.java:1237) [spring-boot-2.3.4.RELEASE.jar:2.3.4.RELEASE]
	at org.springframework.boot.SpringApplication.run(SpringApplication.java:1226) [spring-boot-2.3.4.RELEASE.jar:2.3.4.RELEASE]
	at io.spring.backoffice_batch.BackofficeBatchApplication.main(BackofficeBatchApplication.java:12) [main/:?]
Caused by: org.springframework.dao.DuplicateKeyException: PreparedStatementCallback; SQL [INSERT into BATCH_JOB_EXECUTION(JOB_EXECUTION_ID, JOB_INSTANCE_ID, START_TIME, END_TIME, STATUS, EXIT_CODE, EXIT_MESSAGE, VERSION, CREATE_TIME, LAST_UPDATED, JOB_CONFIGURATION_LOCATION) values (?, ?, ?, ?, ?, ?, ?, ?, ?, ?, ?)]; Duplicate entry '0' for key 'PRIMARY'; nested exception is java.sql.SQLIntegrityConstraintViolationException: Duplicate entry '0' for key 'PRIMARY'
	at org.springframework.jdbc.support.SQLErrorCodeSQLExceptionTranslator.doTranslate(SQLErrorCodeSQLExceptionTranslator.java:247) ~[spring-jdbc-5.2.9.RELEASE.jar:5.2.9.RELEASE]
	at org.springframework.jdbc.support.AbstractFallbackSQLExceptionTranslator.translate(AbstractFallbackSQLExceptionTranslator.java:72) ~[spring-jdbc-5.2.9.RELEASE.jar:5.2.9.RELEASE]
	at org.springframework.jdbc.core.JdbcTemplate.translateException(JdbcTemplate.java:1443) ~[spring-jdbc-5.2.9.RELEASE.jar:5.2.9.RELEASE]
	at org.springframework.jdbc.core.JdbcTemplate.execute(JdbcTemplate.java:633) ~[spring-jdbc-5.2.9.RELEASE.jar:5.2.9.RELEASE]
	at org.springframework.jdbc.core.JdbcTemplate.update(JdbcTemplate.java:862) ~[spring-jdbc-5.2.9.RELEASE.jar:5.2.9.RELEASE]
	at org.springframework.jdbc.core.JdbcTemplate.update(JdbcTemplate.java:917) ~[spring-jdbc-5.2.9.RELEASE.jar:5.2.9.RELEASE]
	at org.springframework.jdbc.core.JdbcTemplate.update(JdbcTemplate.java:922) ~[spring-jdbc-5.2.9.RELEASE.jar:5.2.9.RELEASE]
	at org.springframework.batch.core.repository.dao.JdbcJobExecutionDao.saveJobExecution(JdbcJobExecutionDao.java:160) ~[spring-batch-core-4.2.4.RELEASE.jar:4.2.4.RELEASE]
	at org.springframework.batch.core.repository.support.SimpleJobRepository.createJobExecution(SimpleJobRepository.java:150) ~[spring-batch-core-4.2.4.RELEASE.jar:4.2.4.RELEASE]
	at sun.reflect.NativeMethodAccessorImpl.invoke0(Native Method) ~[?:1.8.0_242]
	at sun.reflect.NativeMethodAccessorImpl.invoke(NativeMethodAccessorImpl.java:62) ~[?:1.8.0_242]
	at sun.reflect.DelegatingMethodAccessorImpl.invoke(DelegatingMethodAccessorImpl.java:43) ~[?:1.8.0_242]
	at java.lang.reflect.Method.invoke(Method.java:498) ~[?:1.8.0_242]
	at org.springframework.aop.support.AopUtils.invokeJoinpointUsingReflection(AopUtils.java:344) ~[spring-aop-5.2.9.RELEASE.jar:5.2.9.RELEASE]
	at org.springframework.aop.framework.ReflectiveMethodInvocation.invokeJoinpoint(ReflectiveMethodInvocation.java:198) ~[spring-aop-5.2.9.RELEASE.jar:5.2.9.RELEASE]
	at org.springframework.aop.framework.ReflectiveMethodInvocation.proceed(ReflectiveMethodInvocation.java:163) ~[spring-aop-5.2.9.RELEASE.jar:5.2.9.RELEASE]
	at org.springframework.transaction.interceptor.TransactionAspectSupport.invokeWithinTransaction(TransactionAspectSupport.java:367) ~[spring-tx-5.2.9.RELEASE.jar:5.2.9.RELEASE]
	at org.springframework.transaction.interceptor.TransactionInterceptor.invoke(TransactionInterceptor.java:118) ~[spring-tx-5.2.9.RELEASE.jar:5.2.9.RELEASE]
	at org.springframework.aop.framework.ReflectiveMethodInvocation.proceed(ReflectiveMethodInvocation.java:186) ~[spring-aop-5.2.9.RELEASE.jar:5.2.9.RELEASE]
	at org.springframework.batch.core.repository.support.AbstractJobRepositoryFactoryBean$1.invoke(AbstractJobRepositoryFactoryBean.java:181) ~[spring-batch-core-4.2.4.RELEASE.jar:4.2.4.RELEASE]
	at org.springframework.aop.framework.ReflectiveMethodInvocation.proceed(ReflectiveMethodInvocation.java:186) ~[spring-aop-5.2.9.RELEASE.jar:5.2.9.RELEASE]
	at org.springframework.aop.framework.JdkDynamicAopProxy.invoke(JdkDynamicAopProxy.java:212) ~[spring-aop-5.2.9.RELEASE.jar:5.2.9.RELEASE]
	at com.sun.proxy.$Proxy83.createJobExecution(Unknown Source) ~[?:?]
	at org.springframework.batch.core.launch.support.SimpleJobLauncher.run(SimpleJobLauncher.java:137) ~[spring-batch-core-4.2.4.RELEASE.jar:4.2.4.RELEASE]
	at sun.reflect.NativeMethodAccessorImpl.invoke0(Native Method) ~[?:1.8.0_242]
	at sun.reflect.NativeMethodAccessorImpl.invoke(NativeMethodAccessorImpl.java:62) ~[?:1.8.0_242]
	at sun.reflect.DelegatingMethodAccessorImpl.invoke(DelegatingMethodAccessorImpl.java:43) ~[?:1.8.0_242]
	at java.lang.reflect.Method.invoke(Method.java:498) ~[?:1.8.0_242]
	at org.springframework.aop.support.AopUtils.invokeJoinpointUsingReflection(AopUtils.java:344) ~[spring-aop-5.2.9.RELEASE.jar:5.2.9.RELEASE]
	at org.springframework.aop.framework.ReflectiveMethodInvocation.invokeJoinpoint(ReflectiveMethodInvocation.java:198) ~[spring-aop-5.2.9.RELEASE.jar:5.2.9.RELEASE]
	at org.springframework.aop.framework.ReflectiveMethodInvocation.proceed(ReflectiveMethodInvocation.java:163) ~[spring-aop-5.2.9.RELEASE.jar:5.2.9.RELEASE]
	at org.springframework.batch.core.configuration.annotation.SimpleBatchConfiguration$PassthruAdvice.invoke(SimpleBatchConfiguration.java:127) ~[spring-batch-core-4.2.4.RELEASE.jar:4.2.4.RELEASE]
	at org.springframework.aop.framework.ReflectiveMethodInvocation.proceed(ReflectiveMethodInvocation.java:186) ~[spring-aop-5.2.9.RELEASE.jar:5.2.9.RELEASE]
	at org.springframework.aop.framework.JdkDynamicAopProxy.invoke(JdkDynamicAopProxy.java:212) ~[spring-aop-5.2.9.RELEASE.jar:5.2.9.RELEASE]
	at com.sun.proxy.$Proxy86.run(Unknown Source) ~[?:?]
	at org.springframework.boot.autoconfigure.batch.JobLauncherApplicationRunner.execute(JobLauncherApplicationRunner.java:199) ~[spring-boot-autoconfigure-2.3.4.RELEASE.jar:2.3.4.RELEASE]
	at org.springframework.boot.autoconfigure.batch.JobLauncherApplicationRunner.executeLocalJobs(JobLauncherApplicationRunner.java:173) ~[spring-boot-autoconfigure-2.3.4.RELEASE.jar:2.3.4.RELEASE]
	at org.springframework.boot.autoconfigure.batch.JobLauncherApplicationRunner.launchJobFromProperties(JobLauncherApplicationRunner.java:160) ~[spring-boot-autoconfigure-2.3.4.RELEASE.jar:2.3.4.RELEASE]
	at org.springframework.boot.autoconfigure.batch.JobLauncherApplicationRunner.run(JobLauncherApplicationRunner.java:155) ~[spring-boot-autoconfigure-2.3.4.RELEASE.jar:2.3.4.RELEASE]
	at org.springframework.boot.autoconfigure.batch.JobLauncherApplicationRunner.run(JobLauncherApplicationRunner.java:150) ~[spring-boot-autoconfigure-2.3.4.RELEASE.jar:2.3.4.RELEASE]
	at org.springframework.boot.SpringApplication.callRunner(SpringApplication.java:786) ~[spring-boot-2.3.4.RELEASE.jar:2.3.4.RELEASE]
	... 5 more
Caused by: java.sql.SQLIntegrityConstraintViolationException: Duplicate entry '0' for key 'PRIMARY'
	at com.mysql.cj.jdbc.exceptions.SQLError.createSQLException(SQLError.java:117) ~[mysql-connector-java-8.0.21.jar:8.0.21]
	at com.mysql.cj.jdbc.exceptions.SQLError.createSQLException(SQLError.java:97) ~[mysql-connector-java-8.0.21.jar:8.0.21]
	at com.mysql.cj.jdbc.exceptions.SQLExceptionsMapping.translateException(SQLExceptionsMapping.java:122) ~[mysql-connector-java-8.0.21.jar:8.0.21]
	at com.mysql.cj.jdbc.ClientPreparedStatement.executeInternal(ClientPreparedStatement.java:953) ~[mysql-connector-java-8.0.21.jar:8.0.21]
	at com.mysql.cj.jdbc.ClientPreparedStatement.executeUpdateInternal(ClientPreparedStatement.java:1092) ~[mysql-connector-java-8.0.21.jar:8.0.21]
	at com.mysql.cj.jdbc.ClientPreparedStatement.executeUpdateInternal(ClientPreparedStatement.java:1040) ~[mysql-connector-java-8.0.21.jar:8.0.21]
	at com.mysql.cj.jdbc.ClientPreparedStatement.executeLargeUpdate(ClientPreparedStatement.java:1347) ~[mysql-connector-java-8.0.21.jar:8.0.21]
	at com.mysql.cj.jdbc.ClientPreparedStatement.executeUpdate(ClientPreparedStatement.java:1025) ~[mysql-connector-java-8.0.21.jar:8.0.21]
	at com.zaxxer.hikari.pool.ProxyPreparedStatement.executeUpdate(ProxyPreparedStatement.java:61) ~[HikariCP-3.4.5.jar:?]
	at com.zaxxer.hikari.pool.HikariProxyPreparedStatement.executeUpdate(HikariProxyPreparedStatement.java) ~[HikariCP-3.4.5.jar:?]
	at org.springframework.jdbc.core.JdbcTemplate.lambda$update$0(JdbcTemplate.java:867) ~[spring-jdbc-5.2.9.RELEASE.jar:5.2.9.RELEASE]
	at org.springframework.jdbc.core.JdbcTemplate.execute(JdbcTemplate.java:617) ~[spring-jdbc-5.2.9.RELEASE.jar:5.2.9.RELEASE]
	at org.springframework.jdbc.core.JdbcTemplate.update(JdbcTemplate.java:862) ~[spring-jdbc-5.2.9.RELEASE.jar:5.2.9.RELEASE]
	at org.springframework.jdbc.core.JdbcTemplate.update(JdbcTemplate.java:917) ~[spring-jdbc-5.2.9.RELEASE.jar:5.2.9.RELEASE]
	at org.springframework.jdbc.core.JdbcTemplate.update(JdbcTemplate.java:922) ~[spring-jdbc-5.2.9.RELEASE.jar:5.2.9.RELEASE]
	at org.springframework.batch.core.repository.dao.JdbcJobExecutionDao.saveJobExecution(JdbcJobExecutionDao.java:160) ~[spring-batch-core-4.2.4.RELEASE.jar:4.2.4.RELEASE]
	at org.springframework.batch.core.repository.support.SimpleJobRepository.createJobExecution(SimpleJobRepository.java:150) ~[spring-batch-core-4.2.4.RELEASE.jar:4.2.4.RELEASE]
	at sun.reflect.NativeMethodAccessorImpl.invoke0(Native Method) ~[?:1.8.0_242]
	at sun.reflect.NativeMethodAccessorImpl.invoke(NativeMethodAccessorImpl.java:62) ~[?:1.8.0_242]
	at sun.reflect.DelegatingMethodAccessorImpl.invoke(DelegatingMethodAccessorImpl.java:43) ~[?:1.8.0_242]
	at java.lang.reflect.Method.invoke(Method.java:498) ~[?:1.8.0_242]
	at org.springframework.aop.support.AopUtils.invokeJoinpointUsingReflection(AopUtils.java:344) ~[spring-aop-5.2.9.RELEASE.jar:5.2.9.RELEASE]
	at org.springframework.aop.framework.ReflectiveMethodInvocation.invokeJoinpoint(ReflectiveMethodInvocation.java:198) ~[spring-aop-5.2.9.RELEASE.jar:5.2.9.RELEASE]
	at org.springframework.aop.framework.ReflectiveMethodInvocation.proceed(ReflectiveMethodInvocation.java:163) ~[spring-aop-5.2.9.RELEASE.jar:5.2.9.RELEASE]
	at org.springframework.transaction.interceptor.TransactionAspectSupport.invokeWithinTransaction(TransactionAspectSupport.java:367) ~[spring-tx-5.2.9.RELEASE.jar:5.2.9.RELEASE]
	at org.springframework.transaction.interceptor.TransactionInterceptor.invoke(TransactionInterceptor.java:118) ~[spring-tx-5.2.9.RELEASE.jar:5.2.9.RELEASE]
	at org.springframework.aop.framework.ReflectiveMethodInvocation.proceed(ReflectiveMethodInvocation.java:186) ~[spring-aop-5.2.9.RELEASE.jar:5.2.9.RELEASE]
	at org.springframework.batch.core.repository.support.AbstractJobRepositoryFactoryBean$1.invoke(AbstractJobRepositoryFactoryBean.java:181) ~[spring-batch-core-4.2.4.RELEASE.jar:4.2.4.RELEASE]
	at org.springframework.aop.framework.ReflectiveMethodInvocation.proceed(ReflectiveMethodInvocation.java:186) ~[spring-aop-5.2.9.RELEASE.jar:5.2.9.RELEASE]
	at org.springframework.aop.framework.JdkDynamicAopProxy.invoke(JdkDynamicAopProxy.java:212) ~[spring-aop-5.2.9.RELEASE.jar:5.2.9.RELEASE]
	at com.sun.proxy.$Proxy83.createJobExecution(Unknown Source) ~[?:?]
	at org.springframework.batch.core.launch.support.SimpleJobLauncher.run(SimpleJobLauncher.java:137) ~[spring-batch-core-4.2.4.RELEASE.jar:4.2.4.RELEASE]
	at sun.reflect.NativeMethodAccessorImpl.invoke0(Native Method) ~[?:1.8.0_242]
	at sun.reflect.NativeMethodAccessorImpl.invoke(NativeMethodAccessorImpl.java:62) ~[?:1.8.0_242]
	at sun.reflect.DelegatingMethodAccessorImpl.invoke(DelegatingMethodAccessorImpl.java:43) ~[?:1.8.0_242]
	at java.lang.reflect.Method.invoke(Method.java:498) ~[?:1.8.0_242]
	at org.springframework.aop.support.AopUtils.invokeJoinpointUsingReflection(AopUtils.java:344) ~[spring-aop-5.2.9.RELEASE.jar:5.2.9.RELEASE]
	at org.springframework.aop.framework.ReflectiveMethodInvocation.invokeJoinpoint(ReflectiveMethodInvocation.java:198) ~[spring-aop-5.2.9.RELEASE.jar:5.2.9.RELEASE]
	at org.springframework.aop.framework.ReflectiveMethodInvocation.proceed(ReflectiveMethodInvocation.java:163) ~[spring-aop-5.2.9.RELEASE.jar:5.2.9.RELEASE]
	at org.springframework.batch.core.configuration.annotation.SimpleBatchConfiguration$PassthruAdvice.invoke(SimpleBatchConfiguration.java:127) ~[spring-batch-core-4.2.4.RELEASE.jar:4.2.4.RELEASE]
	at org.springframework.aop.framework.ReflectiveMethodInvocation.proceed(ReflectiveMethodInvocation.java:186) ~[spring-aop-5.2.9.RELEASE.jar:5.2.9.RELEASE]
	at org.springframework.aop.framework.JdkDynamicAopProxy.invoke(JdkDynamicAopProxy.java:212) ~[spring-aop-5.2.9.RELEASE.jar:5.2.9.RELEASE]
	at com.sun.proxy.$Proxy86.run(Unknown Source) ~[?:?]
	at org.springframework.boot.autoconfigure.batch.JobLauncherApplicationRunner.execute(JobLauncherApplicationRunner.java:199) ~[spring-boot-autoconfigure-2.3.4.RELEASE.jar:2.3.4.RELEASE]
	at org.springframework.boot.autoconfigure.batch.JobLauncherApplicationRunner.executeLocalJobs(JobLauncherApplicationRunner.java:173) ~[spring-boot-autoconfigure-2.3.4.RELEASE.jar:2.3.4.RELEASE]
	at org.springframework.boot.autoconfigure.batch.JobLauncherApplicationRunner.launchJobFromProperties(JobLauncherApplicationRunner.java:160) ~[spring-boot-autoconfigure-2.3.4.RELEASE.jar:2.3.4.RELEASE]
	at org.springframework.boot.autoconfigure.batch.JobLauncherApplicationRunner.run(JobLauncherApplicationRunner.java:155) ~[spring-boot-autoconfigure-2.3.4.RELEASE.jar:2.3.4.RELEASE]
	at org.springframework.boot.autoconfigure.batch.JobLauncherApplicationRunner.run(JobLauncherApplicationRunner.java:150) ~[spring-boot-autoconfigure-2.3.4.RELEASE.jar:2.3.4.RELEASE]
	at org.springframework.boot.SpringApplication.callRunner(SpringApplication.java:786) ~[spring-boot-2.3.4.RELEASE.jar:2.3.4.RELEASE]
	... 5 more
2021-05-17 11:31:37,815 [main] INFO  org.springframework.orm.jpa.LocalContainerEntityManagerFactoryBean(destroy:598) - Closing JPA EntityManagerFactory for persistence unit 'default'
2021-05-17 11:31:37,815 [main] INFO  org.springframework.scheduling.concurrent.ThreadPoolTaskExecutor(shutdown:218) - Shutting down ExecutorService 'applicationTaskExecutor'
2021-05-17 11:31:37,815 [main] INFO  com.zaxxer.hikari.HikariDataSource(close:350) - HikariPool-1 - Shutdown initiated...
2021-05-17 11:31:37,842 [main] INFO  com.zaxxer.hikari.HikariDataSource(close:352) - HikariPool-1 - Shutdown completed.
2021-05-17 11:32:30,412 [background-preinit] INFO  org.hibernate.validator.internal.util.Version(<clinit>:21) - HV000001: Hibernate Validator 6.1.5.Final
2021-05-17 11:32:30,467 [main] INFO  io.spring.backoffice_batch.BackofficeBatchApplication(logStarting:55) - Starting BackofficeBatchApplication on DESKTOP-DD3UDDS with PID 12468 (C:\code\java\backoffice_projects\backoffice_batch\build\classes\java\main started by 박선홍 in C:\code\java\backoffice_projects\backoffice_batch)
2021-05-17 11:32:30,470 [main] DEBUG io.spring.backoffice_batch.BackofficeBatchApplication(logStarting:56) - Running with Spring Boot v2.3.4.RELEASE, Spring v5.2.9.RELEASE
2021-05-17 11:32:30,471 [main] INFO  io.spring.backoffice_batch.BackofficeBatchApplication(logStartupProfileInfo:651) - No active profile set, falling back to default profiles: default
2021-05-17 11:32:31,233 [main] INFO  org.springframework.data.repository.config.RepositoryConfigurationDelegate(registerRepositoriesIn:127) - Bootstrapping Spring Data JPA repositories in DEFERRED mode.
2021-05-17 11:32:31,247 [main] INFO  org.springframework.data.repository.config.RepositoryConfigurationDelegate(registerRepositoriesIn:187) - Finished Spring Data repository scanning in 7ms. Found 0 JPA repository interfaces.
2021-05-17 11:32:31,367 [main] WARN  org.mybatis.spring.mapper.ClassPathMapperScanner(warn:44) - No MyBatis mapper was found in '[io.spring.backoffice_batch]' package. Please check your configuration.
2021-05-17 11:32:31,748 [main] INFO  org.springframework.boot.web.embedded.tomcat.TomcatWebServer(initialize:108) - Tomcat initialized with port(s): 8081 (http)
2021-05-17 11:32:31,757 [main] INFO  org.apache.coyote.http11.Http11NioProtocol(log:173) - Initializing ProtocolHandler ["http-nio-8081"]
2021-05-17 11:32:31,757 [main] INFO  org.apache.catalina.core.StandardService(log:173) - Starting service [Tomcat]
2021-05-17 11:32:31,759 [main] INFO  org.apache.catalina.core.StandardEngine(log:173) - Starting Servlet engine: [Apache Tomcat/9.0.38]
2021-05-17 11:32:31,940 [main] INFO  org.apache.catalina.core.ContainerBase.[Tomcat].[localhost].[/](log:173) - Initializing Spring embedded WebApplicationContext
2021-05-17 11:32:31,940 [main] INFO  org.springframework.boot.web.servlet.context.ServletWebServerApplicationContext(prepareWebApplicationContext:285) - Root WebApplicationContext: initialization completed in 1386 ms
2021-05-17 11:32:32,096 [main] INFO  org.flywaydb.core.internal.license.VersionPrinter(info:49) - Flyway Community Edition 6.4.4 by Redgate
2021-05-17 11:32:32,150 [main] WARN  org.flywaydb.core.internal.scanner.classpath.ClassPathScanner(warn:53) - Unable to resolve location classpath:db/migration. Note this warning will become an error in Flyway 7.
2021-05-17 11:32:32,152 [main] INFO  com.zaxxer.hikari.HikariDataSource(getConnection:110) - HikariPool-1 - Starting...
2021-05-17 11:32:32,444 [main] INFO  com.zaxxer.hikari.HikariDataSource(getConnection:123) - HikariPool-1 - Start completed.
2021-05-17 11:32:32,477 [main] INFO  org.flywaydb.core.internal.database.DatabaseFactory(info:49) - Database: jdbc:mysql://localhost:3306/trdst (MySQL 5.7)
2021-05-17 11:32:32,541 [main] INFO  org.flywaydb.core.internal.command.DbValidate(info:49) - Successfully validated 0 migrations (execution time 00:00.025s)
2021-05-17 11:32:32,541 [main] WARN  org.flywaydb.core.internal.command.DbValidate(warn:53) - No migrations found. Are your locations set up correctly?
2021-05-17 11:32:32,573 [main] INFO  org.flywaydb.core.internal.command.DbMigrate(info:49) - Current version of schema `trdst`: << Empty Schema >>
2021-05-17 11:32:32,576 [main] INFO  org.flywaydb.core.internal.command.DbMigrate(info:49) - Schema `trdst` is up to date. No migration necessary.
2021-05-17 11:32:32,674 [main] INFO  org.springframework.scheduling.concurrent.ThreadPoolTaskExecutor(initialize:181) - Initializing ExecutorService 'applicationTaskExecutor'
2021-05-17 11:32:32,736 [task-1] INFO  org.hibernate.jpa.internal.util.LogHelper(logPersistenceUnitInformation:31) - HHH000204: Processing PersistenceUnitInfo [name: default]
2021-05-17 11:32:32,877 [task-1] INFO  org.hibernate.Version(logVersion:46) - HHH000412: Hibernate Core {5.4.2.Final}
2021-05-17 11:32:32,935 [main] WARN  org.springframework.boot.autoconfigure.orm.jpa.JpaBaseConfiguration$JpaWebConfiguration(openEntityManagerInViewInterceptor:220) - spring.jpa.open-in-view is enabled by default. Therefore, database queries may be performed during view rendering. Explicitly configure spring.jpa.open-in-view to disable this warning
2021-05-17 11:32:33,150 [task-1] INFO  org.hibernate.annotations.common.Version(<clinit>:49) - HCANN000001: Hibernate Commons Annotations {5.1.0.Final}
2021-05-17 11:32:33,346 [task-1] INFO  org.hibernate.dialect.Dialect(<init>:158) - HHH000400: Using dialect: org.hibernate.dialect.MySQL5InnoDBDialect
2021-05-17 11:32:33,526 [main] WARN  org.springframework.boot.autoconfigure.batch.JpaBatchConfigurer(determineIsolationLevel:57) - JPA does not support custom isolation levels, so locks may not be taken when launching Jobs
2021-05-17 11:32:33,531 [main] INFO  org.springframework.batch.core.repository.support.JobRepositoryFactoryBean(afterPropertiesSet:184) - No database type set, using meta data indicating: MYSQL
2021-05-17 11:32:33,561 [main] INFO  org.springframework.batch.core.launch.support.SimpleJobLauncher(afterPropertiesSet:209) - No TaskExecutor has been set, defaulting to synchronous executor.
2021-05-17 11:32:33,602 [task-1] INFO  org.hibernate.engine.transaction.jta.platform.internal.JtaPlatformInitiator(initiateService:52) - HHH000490: Using JtaPlatform implementation: [org.hibernate.engine.transaction.jta.platform.internal.NoJtaPlatform]
2021-05-17 11:32:33,606 [task-1] INFO  org.springframework.orm.jpa.LocalContainerEntityManagerFactoryBean(buildNativeEntityManagerFactory:416) - Initialized JPA EntityManagerFactory for persistence unit 'default'
2021-05-17 11:32:33,765 [main] INFO  org.springframework.boot.autoconfigure.security.servlet.UserDetailsServiceAutoConfiguration(getOrDeducePassword:86) - 

Using generated security password: 395057b6-4267-4fa8-b6ce-8e4665d1750e

2021-05-17 11:32:33,893 [main] INFO  org.springframework.security.web.DefaultSecurityFilterChain(<init>:43) - Creating filter chain: any request, [org.springframework.security.web.context.request.async.WebAsyncManagerIntegrationFilter@3d40a3b4, org.springframework.security.web.context.SecurityContextPersistenceFilter@19fd43da, org.springframework.security.web.header.HeaderWriterFilter@5a7df831, org.springframework.security.web.csrf.CsrfFilter@61bb1e4d, org.springframework.security.web.authentication.logout.LogoutFilter@11dcd42c, org.springframework.security.web.authentication.UsernamePasswordAuthenticationFilter@1f9d4b0e, org.springframework.security.web.authentication.ui.DefaultLoginPageGeneratingFilter@35d60381, org.springframework.security.web.authentication.ui.DefaultLogoutPageGeneratingFilter@7f13811b, org.springframework.security.web.authentication.www.BasicAuthenticationFilter@1775c4e7, org.springframework.security.web.savedrequest.RequestCacheAwareFilter@cfd1075, org.springframework.security.web.servletapi.SecurityContextHolderAwareRequestFilter@2785db06, org.springframework.security.web.authentication.AnonymousAuthenticationFilter@59fc6d05, org.springframework.security.web.session.SessionManagementFilter@22d7fd41, org.springframework.security.web.access.ExceptionTranslationFilter@4fc165f6, org.springframework.security.web.access.intercept.FilterSecurityInterceptor@67332b1e]
2021-05-17 11:32:33,927 [main] INFO  org.apache.coyote.http11.Http11NioProtocol(log:173) - Starting ProtocolHandler ["http-nio-8081"]
2021-05-17 11:32:33,948 [main] INFO  org.springframework.boot.web.embedded.tomcat.TomcatWebServer(start:220) - Tomcat started on port(s): 8081 (http) with context path ''
2021-05-17 11:32:33,950 [main] INFO  org.springframework.data.repository.config.DeferredRepositoryInitializationListener(onApplicationEvent:49) - Triggering deferred initialization of Spring Data repositories…
2021-05-17 11:32:33,950 [main] INFO  org.springframework.data.repository.config.DeferredRepositoryInitializationListener(onApplicationEvent:53) - Spring Data repositories initialized!
2021-05-17 11:32:33,959 [main] INFO  io.spring.backoffice_batch.BackofficeBatchApplication(logStarted:61) - Started BackofficeBatchApplication in 3.888 seconds (JVM running for 5.348)
2021-05-17 11:32:33,960 [main] INFO  org.springframework.boot.autoconfigure.batch.JobLauncherApplicationRunner(run:154) - Running default command line with: []
2021-05-17 11:32:34,161 [main] INFO  org.springframework.boot.autoconfigure.logging.ConditionEvaluationReportLoggingListener(logMessage:136) - 

Error starting ApplicationContext. To display the conditions report re-run your application with 'debug' enabled.
2021-05-17 11:32:34,173 [main] ERROR org.springframework.boot.SpringApplication(reportFailure:837) - Application run failed
java.lang.IllegalStateException: Failed to execute ApplicationRunner
	at org.springframework.boot.SpringApplication.callRunner(SpringApplication.java:789) [spring-boot-2.3.4.RELEASE.jar:2.3.4.RELEASE]
	at org.springframework.boot.SpringApplication.callRunners(SpringApplication.java:776) [spring-boot-2.3.4.RELEASE.jar:2.3.4.RELEASE]
	at org.springframework.boot.SpringApplication.run(SpringApplication.java:322) [spring-boot-2.3.4.RELEASE.jar:2.3.4.RELEASE]
	at org.springframework.boot.SpringApplication.run(SpringApplication.java:1237) [spring-boot-2.3.4.RELEASE.jar:2.3.4.RELEASE]
	at org.springframework.boot.SpringApplication.run(SpringApplication.java:1226) [spring-boot-2.3.4.RELEASE.jar:2.3.4.RELEASE]
	at io.spring.backoffice_batch.BackofficeBatchApplication.main(BackofficeBatchApplication.java:12) [main/:?]
Caused by: org.springframework.dao.DuplicateKeyException: PreparedStatementCallback; SQL [INSERT into BATCH_JOB_INSTANCE(JOB_INSTANCE_ID, JOB_NAME, JOB_KEY, VERSION) values (?, ?, ?, ?)]; Duplicate entry '0' for key 'PRIMARY'; nested exception is java.sql.SQLIntegrityConstraintViolationException: Duplicate entry '0' for key 'PRIMARY'
	at org.springframework.jdbc.support.SQLErrorCodeSQLExceptionTranslator.doTranslate(SQLErrorCodeSQLExceptionTranslator.java:247) ~[spring-jdbc-5.2.9.RELEASE.jar:5.2.9.RELEASE]
	at org.springframework.jdbc.support.AbstractFallbackSQLExceptionTranslator.translate(AbstractFallbackSQLExceptionTranslator.java:72) ~[spring-jdbc-5.2.9.RELEASE.jar:5.2.9.RELEASE]
	at org.springframework.jdbc.core.JdbcTemplate.translateException(JdbcTemplate.java:1443) ~[spring-jdbc-5.2.9.RELEASE.jar:5.2.9.RELEASE]
	at org.springframework.jdbc.core.JdbcTemplate.execute(JdbcTemplate.java:633) ~[spring-jdbc-5.2.9.RELEASE.jar:5.2.9.RELEASE]
	at org.springframework.jdbc.core.JdbcTemplate.update(JdbcTemplate.java:862) ~[spring-jdbc-5.2.9.RELEASE.jar:5.2.9.RELEASE]
	at org.springframework.jdbc.core.JdbcTemplate.update(JdbcTemplate.java:917) ~[spring-jdbc-5.2.9.RELEASE.jar:5.2.9.RELEASE]
	at org.springframework.jdbc.core.JdbcTemplate.update(JdbcTemplate.java:922) ~[spring-jdbc-5.2.9.RELEASE.jar:5.2.9.RELEASE]
	at org.springframework.batch.core.repository.dao.JdbcJobInstanceDao.createJobInstance(JdbcJobInstanceDao.java:120) ~[spring-batch-core-4.2.4.RELEASE.jar:4.2.4.RELEASE]
	at org.springframework.batch.core.repository.support.SimpleJobRepository.createJobExecution(SimpleJobRepository.java:140) ~[spring-batch-core-4.2.4.RELEASE.jar:4.2.4.RELEASE]
	at sun.reflect.NativeMethodAccessorImpl.invoke0(Native Method) ~[?:1.8.0_242]
	at sun.reflect.NativeMethodAccessorImpl.invoke(NativeMethodAccessorImpl.java:62) ~[?:1.8.0_242]
	at sun.reflect.DelegatingMethodAccessorImpl.invoke(DelegatingMethodAccessorImpl.java:43) ~[?:1.8.0_242]
	at java.lang.reflect.Method.invoke(Method.java:498) ~[?:1.8.0_242]
	at org.springframework.aop.support.AopUtils.invokeJoinpointUsingReflection(AopUtils.java:344) ~[spring-aop-5.2.9.RELEASE.jar:5.2.9.RELEASE]
	at org.springframework.aop.framework.ReflectiveMethodInvocation.invokeJoinpoint(ReflectiveMethodInvocation.java:198) ~[spring-aop-5.2.9.RELEASE.jar:5.2.9.RELEASE]
	at org.springframework.aop.framework.ReflectiveMethodInvocation.proceed(ReflectiveMethodInvocation.java:163) ~[spring-aop-5.2.9.RELEASE.jar:5.2.9.RELEASE]
	at org.springframework.transaction.interceptor.TransactionAspectSupport.invokeWithinTransaction(TransactionAspectSupport.java:367) ~[spring-tx-5.2.9.RELEASE.jar:5.2.9.RELEASE]
	at org.springframework.transaction.interceptor.TransactionInterceptor.invoke(TransactionInterceptor.java:118) ~[spring-tx-5.2.9.RELEASE.jar:5.2.9.RELEASE]
	at org.springframework.aop.framework.ReflectiveMethodInvocation.proceed(ReflectiveMethodInvocation.java:186) ~[spring-aop-5.2.9.RELEASE.jar:5.2.9.RELEASE]
	at org.springframework.batch.core.repository.support.AbstractJobRepositoryFactoryBean$1.invoke(AbstractJobRepositoryFactoryBean.java:181) ~[spring-batch-core-4.2.4.RELEASE.jar:4.2.4.RELEASE]
	at org.springframework.aop.framework.ReflectiveMethodInvocation.proceed(ReflectiveMethodInvocation.java:186) ~[spring-aop-5.2.9.RELEASE.jar:5.2.9.RELEASE]
	at org.springframework.aop.framework.JdkDynamicAopProxy.invoke(JdkDynamicAopProxy.java:212) ~[spring-aop-5.2.9.RELEASE.jar:5.2.9.RELEASE]
	at com.sun.proxy.$Proxy83.createJobExecution(Unknown Source) ~[?:?]
	at org.springframework.batch.core.launch.support.SimpleJobLauncher.run(SimpleJobLauncher.java:137) ~[spring-batch-core-4.2.4.RELEASE.jar:4.2.4.RELEASE]
	at sun.reflect.NativeMethodAccessorImpl.invoke0(Native Method) ~[?:1.8.0_242]
	at sun.reflect.NativeMethodAccessorImpl.invoke(NativeMethodAccessorImpl.java:62) ~[?:1.8.0_242]
	at sun.reflect.DelegatingMethodAccessorImpl.invoke(DelegatingMethodAccessorImpl.java:43) ~[?:1.8.0_242]
	at java.lang.reflect.Method.invoke(Method.java:498) ~[?:1.8.0_242]
	at org.springframework.aop.support.AopUtils.invokeJoinpointUsingReflection(AopUtils.java:344) ~[spring-aop-5.2.9.RELEASE.jar:5.2.9.RELEASE]
	at org.springframework.aop.framework.ReflectiveMethodInvocation.invokeJoinpoint(ReflectiveMethodInvocation.java:198) ~[spring-aop-5.2.9.RELEASE.jar:5.2.9.RELEASE]
	at org.springframework.aop.framework.ReflectiveMethodInvocation.proceed(ReflectiveMethodInvocation.java:163) ~[spring-aop-5.2.9.RELEASE.jar:5.2.9.RELEASE]
	at org.springframework.batch.core.configuration.annotation.SimpleBatchConfiguration$PassthruAdvice.invoke(SimpleBatchConfiguration.java:127) ~[spring-batch-core-4.2.4.RELEASE.jar:4.2.4.RELEASE]
	at org.springframework.aop.framework.ReflectiveMethodInvocation.proceed(ReflectiveMethodInvocation.java:186) ~[spring-aop-5.2.9.RELEASE.jar:5.2.9.RELEASE]
	at org.springframework.aop.framework.JdkDynamicAopProxy.invoke(JdkDynamicAopProxy.java:212) ~[spring-aop-5.2.9.RELEASE.jar:5.2.9.RELEASE]
	at com.sun.proxy.$Proxy86.run(Unknown Source) ~[?:?]
	at org.springframework.boot.autoconfigure.batch.JobLauncherApplicationRunner.execute(JobLauncherApplicationRunner.java:199) ~[spring-boot-autoconfigure-2.3.4.RELEASE.jar:2.3.4.RELEASE]
	at org.springframework.boot.autoconfigure.batch.JobLauncherApplicationRunner.executeLocalJobs(JobLauncherApplicationRunner.java:173) ~[spring-boot-autoconfigure-2.3.4.RELEASE.jar:2.3.4.RELEASE]
	at org.springframework.boot.autoconfigure.batch.JobLauncherApplicationRunner.launchJobFromProperties(JobLauncherApplicationRunner.java:160) ~[spring-boot-autoconfigure-2.3.4.RELEASE.jar:2.3.4.RELEASE]
	at org.springframework.boot.autoconfigure.batch.JobLauncherApplicationRunner.run(JobLauncherApplicationRunner.java:155) ~[spring-boot-autoconfigure-2.3.4.RELEASE.jar:2.3.4.RELEASE]
	at org.springframework.boot.autoconfigure.batch.JobLauncherApplicationRunner.run(JobLauncherApplicationRunner.java:150) ~[spring-boot-autoconfigure-2.3.4.RELEASE.jar:2.3.4.RELEASE]
	at org.springframework.boot.SpringApplication.callRunner(SpringApplication.java:786) ~[spring-boot-2.3.4.RELEASE.jar:2.3.4.RELEASE]
	... 5 more
Caused by: java.sql.SQLIntegrityConstraintViolationException: Duplicate entry '0' for key 'PRIMARY'
	at com.mysql.cj.jdbc.exceptions.SQLError.createSQLException(SQLError.java:117) ~[mysql-connector-java-8.0.21.jar:8.0.21]
	at com.mysql.cj.jdbc.exceptions.SQLError.createSQLException(SQLError.java:97) ~[mysql-connector-java-8.0.21.jar:8.0.21]
	at com.mysql.cj.jdbc.exceptions.SQLExceptionsMapping.translateException(SQLExceptionsMapping.java:122) ~[mysql-connector-java-8.0.21.jar:8.0.21]
	at com.mysql.cj.jdbc.ClientPreparedStatement.executeInternal(ClientPreparedStatement.java:953) ~[mysql-connector-java-8.0.21.jar:8.0.21]
	at com.mysql.cj.jdbc.ClientPreparedStatement.executeUpdateInternal(ClientPreparedStatement.java:1092) ~[mysql-connector-java-8.0.21.jar:8.0.21]
	at com.mysql.cj.jdbc.ClientPreparedStatement.executeUpdateInternal(ClientPreparedStatement.java:1040) ~[mysql-connector-java-8.0.21.jar:8.0.21]
	at com.mysql.cj.jdbc.ClientPreparedStatement.executeLargeUpdate(ClientPreparedStatement.java:1347) ~[mysql-connector-java-8.0.21.jar:8.0.21]
	at com.mysql.cj.jdbc.ClientPreparedStatement.executeUpdate(ClientPreparedStatement.java:1025) ~[mysql-connector-java-8.0.21.jar:8.0.21]
	at com.zaxxer.hikari.pool.ProxyPreparedStatement.executeUpdate(ProxyPreparedStatement.java:61) ~[HikariCP-3.4.5.jar:?]
	at com.zaxxer.hikari.pool.HikariProxyPreparedStatement.executeUpdate(HikariProxyPreparedStatement.java) ~[HikariCP-3.4.5.jar:?]
	at org.springframework.jdbc.core.JdbcTemplate.lambda$update$0(JdbcTemplate.java:867) ~[spring-jdbc-5.2.9.RELEASE.jar:5.2.9.RELEASE]
	at org.springframework.jdbc.core.JdbcTemplate.execute(JdbcTemplate.java:617) ~[spring-jdbc-5.2.9.RELEASE.jar:5.2.9.RELEASE]
	at org.springframework.jdbc.core.JdbcTemplate.update(JdbcTemplate.java:862) ~[spring-jdbc-5.2.9.RELEASE.jar:5.2.9.RELEASE]
	at org.springframework.jdbc.core.JdbcTemplate.update(JdbcTemplate.java:917) ~[spring-jdbc-5.2.9.RELEASE.jar:5.2.9.RELEASE]
	at org.springframework.jdbc.core.JdbcTemplate.update(JdbcTemplate.java:922) ~[spring-jdbc-5.2.9.RELEASE.jar:5.2.9.RELEASE]
	at org.springframework.batch.core.repository.dao.JdbcJobInstanceDao.createJobInstance(JdbcJobInstanceDao.java:120) ~[spring-batch-core-4.2.4.RELEASE.jar:4.2.4.RELEASE]
	at org.springframework.batch.core.repository.support.SimpleJobRepository.createJobExecution(SimpleJobRepository.java:140) ~[spring-batch-core-4.2.4.RELEASE.jar:4.2.4.RELEASE]
	at sun.reflect.NativeMethodAccessorImpl.invoke0(Native Method) ~[?:1.8.0_242]
	at sun.reflect.NativeMethodAccessorImpl.invoke(NativeMethodAccessorImpl.java:62) ~[?:1.8.0_242]
	at sun.reflect.DelegatingMethodAccessorImpl.invoke(DelegatingMethodAccessorImpl.java:43) ~[?:1.8.0_242]
	at java.lang.reflect.Method.invoke(Method.java:498) ~[?:1.8.0_242]
	at org.springframework.aop.support.AopUtils.invokeJoinpointUsingReflection(AopUtils.java:344) ~[spring-aop-5.2.9.RELEASE.jar:5.2.9.RELEASE]
	at org.springframework.aop.framework.ReflectiveMethodInvocation.invokeJoinpoint(ReflectiveMethodInvocation.java:198) ~[spring-aop-5.2.9.RELEASE.jar:5.2.9.RELEASE]
	at org.springframework.aop.framework.ReflectiveMethodInvocation.proceed(ReflectiveMethodInvocation.java:163) ~[spring-aop-5.2.9.RELEASE.jar:5.2.9.RELEASE]
	at org.springframework.transaction.interceptor.TransactionAspectSupport.invokeWithinTransaction(TransactionAspectSupport.java:367) ~[spring-tx-5.2.9.RELEASE.jar:5.2.9.RELEASE]
	at org.springframework.transaction.interceptor.TransactionInterceptor.invoke(TransactionInterceptor.java:118) ~[spring-tx-5.2.9.RELEASE.jar:5.2.9.RELEASE]
	at org.springframework.aop.framework.ReflectiveMethodInvocation.proceed(ReflectiveMethodInvocation.java:186) ~[spring-aop-5.2.9.RELEASE.jar:5.2.9.RELEASE]
	at org.springframework.batch.core.repository.support.AbstractJobRepositoryFactoryBean$1.invoke(AbstractJobRepositoryFactoryBean.java:181) ~[spring-batch-core-4.2.4.RELEASE.jar:4.2.4.RELEASE]
	at org.springframework.aop.framework.ReflectiveMethodInvocation.proceed(ReflectiveMethodInvocation.java:186) ~[spring-aop-5.2.9.RELEASE.jar:5.2.9.RELEASE]
	at org.springframework.aop.framework.JdkDynamicAopProxy.invoke(JdkDynamicAopProxy.java:212) ~[spring-aop-5.2.9.RELEASE.jar:5.2.9.RELEASE]
	at com.sun.proxy.$Proxy83.createJobExecution(Unknown Source) ~[?:?]
	at org.springframework.batch.core.launch.support.SimpleJobLauncher.run(SimpleJobLauncher.java:137) ~[spring-batch-core-4.2.4.RELEASE.jar:4.2.4.RELEASE]
	at sun.reflect.NativeMethodAccessorImpl.invoke0(Native Method) ~[?:1.8.0_242]
	at sun.reflect.NativeMethodAccessorImpl.invoke(NativeMethodAccessorImpl.java:62) ~[?:1.8.0_242]
	at sun.reflect.DelegatingMethodAccessorImpl.invoke(DelegatingMethodAccessorImpl.java:43) ~[?:1.8.0_242]
	at java.lang.reflect.Method.invoke(Method.java:498) ~[?:1.8.0_242]
	at org.springframework.aop.support.AopUtils.invokeJoinpointUsingReflection(AopUtils.java:344) ~[spring-aop-5.2.9.RELEASE.jar:5.2.9.RELEASE]
	at org.springframework.aop.framework.ReflectiveMethodInvocation.invokeJoinpoint(ReflectiveMethodInvocation.java:198) ~[spring-aop-5.2.9.RELEASE.jar:5.2.9.RELEASE]
	at org.springframework.aop.framework.ReflectiveMethodInvocation.proceed(ReflectiveMethodInvocation.java:163) ~[spring-aop-5.2.9.RELEASE.jar:5.2.9.RELEASE]
	at org.springframework.batch.core.configuration.annotation.SimpleBatchConfiguration$PassthruAdvice.invoke(SimpleBatchConfiguration.java:127) ~[spring-batch-core-4.2.4.RELEASE.jar:4.2.4.RELEASE]
	at org.springframework.aop.framework.ReflectiveMethodInvocation.proceed(ReflectiveMethodInvocation.java:186) ~[spring-aop-5.2.9.RELEASE.jar:5.2.9.RELEASE]
	at org.springframework.aop.framework.JdkDynamicAopProxy.invoke(JdkDynamicAopProxy.java:212) ~[spring-aop-5.2.9.RELEASE.jar:5.2.9.RELEASE]
	at com.sun.proxy.$Proxy86.run(Unknown Source) ~[?:?]
	at org.springframework.boot.autoconfigure.batch.JobLauncherApplicationRunner.execute(JobLauncherApplicationRunner.java:199) ~[spring-boot-autoconfigure-2.3.4.RELEASE.jar:2.3.4.RELEASE]
	at org.springframework.boot.autoconfigure.batch.JobLauncherApplicationRunner.executeLocalJobs(JobLauncherApplicationRunner.java:173) ~[spring-boot-autoconfigure-2.3.4.RELEASE.jar:2.3.4.RELEASE]
	at org.springframework.boot.autoconfigure.batch.JobLauncherApplicationRunner.launchJobFromProperties(JobLauncherApplicationRunner.java:160) ~[spring-boot-autoconfigure-2.3.4.RELEASE.jar:2.3.4.RELEASE]
	at org.springframework.boot.autoconfigure.batch.JobLauncherApplicationRunner.run(JobLauncherApplicationRunner.java:155) ~[spring-boot-autoconfigure-2.3.4.RELEASE.jar:2.3.4.RELEASE]
	at org.springframework.boot.autoconfigure.batch.JobLauncherApplicationRunner.run(JobLauncherApplicationRunner.java:150) ~[spring-boot-autoconfigure-2.3.4.RELEASE.jar:2.3.4.RELEASE]
	at org.springframework.boot.SpringApplication.callRunner(SpringApplication.java:786) ~[spring-boot-2.3.4.RELEASE.jar:2.3.4.RELEASE]
	... 5 more
2021-05-17 11:32:34,554 [main] INFO  org.springframework.orm.jpa.LocalContainerEntityManagerFactoryBean(destroy:598) - Closing JPA EntityManagerFactory for persistence unit 'default'
2021-05-17 11:32:34,558 [main] INFO  org.springframework.scheduling.concurrent.ThreadPoolTaskExecutor(shutdown:218) - Shutting down ExecutorService 'applicationTaskExecutor'
2021-05-17 11:32:34,559 [main] INFO  com.zaxxer.hikari.HikariDataSource(close:350) - HikariPool-1 - Shutdown initiated...
2021-05-17 11:32:34,571 [main] INFO  com.zaxxer.hikari.HikariDataSource(close:352) - HikariPool-1 - Shutdown completed.
2021-05-17 11:54:12,200 [background-preinit] INFO  org.hibernate.validator.internal.util.Version(<clinit>:21) - HV000001: Hibernate Validator 6.1.5.Final
2021-05-17 11:54:12,260 [main] INFO  io.spring.backoffice_batch.BackofficeBatchApplication(logStarting:55) - Starting BackofficeBatchApplication on DESKTOP-DD3UDDS with PID 13912 (C:\code\java\backoffice_projects\backoffice_batch\build\classes\java\main started by 박선홍 in C:\code\java\backoffice_projects\backoffice_batch)
2021-05-17 11:54:12,260 [main] DEBUG io.spring.backoffice_batch.BackofficeBatchApplication(logStarting:56) - Running with Spring Boot v2.3.4.RELEASE, Spring v5.2.9.RELEASE
2021-05-17 11:54:12,260 [main] INFO  io.spring.backoffice_batch.BackofficeBatchApplication(logStartupProfileInfo:651) - No active profile set, falling back to default profiles: default
2021-05-17 11:54:13,080 [main] INFO  org.springframework.data.repository.config.RepositoryConfigurationDelegate(registerRepositoriesIn:127) - Bootstrapping Spring Data JPA repositories in DEFERRED mode.
2021-05-17 11:54:13,095 [main] INFO  org.springframework.data.repository.config.RepositoryConfigurationDelegate(registerRepositoriesIn:187) - Finished Spring Data repository scanning in 8ms. Found 0 JPA repository interfaces.
2021-05-17 11:54:13,225 [main] WARN  org.mybatis.spring.mapper.ClassPathMapperScanner(warn:44) - No MyBatis mapper was found in '[io.spring.backoffice_batch.job, io.spring.backoffice_batch]' package. Please check your configuration.
2021-05-17 11:54:13,625 [main] INFO  org.springframework.boot.web.embedded.tomcat.TomcatWebServer(initialize:108) - Tomcat initialized with port(s): 8081 (http)
2021-05-17 11:54:13,630 [main] INFO  org.apache.coyote.http11.Http11NioProtocol(log:173) - Initializing ProtocolHandler ["http-nio-8081"]
2021-05-17 11:54:13,630 [main] INFO  org.apache.catalina.core.StandardService(log:173) - Starting service [Tomcat]
2021-05-17 11:54:13,630 [main] INFO  org.apache.catalina.core.StandardEngine(log:173) - Starting Servlet engine: [Apache Tomcat/9.0.38]
2021-05-17 11:54:13,825 [main] INFO  org.apache.catalina.core.ContainerBase.[Tomcat].[localhost].[/](log:173) - Initializing Spring embedded WebApplicationContext
2021-05-17 11:54:13,830 [main] INFO  org.springframework.boot.web.servlet.context.ServletWebServerApplicationContext(prepareWebApplicationContext:285) - Root WebApplicationContext: initialization completed in 1475 ms
2021-05-17 11:54:13,955 [main] INFO  org.flywaydb.core.internal.license.VersionPrinter(info:49) - Flyway Community Edition 6.4.4 by Redgate
2021-05-17 11:54:14,000 [main] WARN  org.flywaydb.core.internal.scanner.classpath.ClassPathScanner(warn:53) - Unable to resolve location classpath:db/migration. Note this warning will become an error in Flyway 7.
2021-05-17 11:54:14,000 [main] INFO  com.zaxxer.hikari.HikariDataSource(getConnection:110) - HikariPool-1 - Starting...
2021-05-17 11:54:14,297 [main] INFO  com.zaxxer.hikari.HikariDataSource(getConnection:123) - HikariPool-1 - Start completed.
2021-05-17 11:54:14,326 [main] INFO  org.flywaydb.core.internal.database.DatabaseFactory(info:49) - Database: jdbc:mysql://localhost:3306/trdst (MySQL 5.7)
2021-05-17 11:54:14,385 [main] INFO  org.flywaydb.core.internal.command.DbValidate(info:49) - Successfully validated 0 migrations (execution time 00:00.024s)
2021-05-17 11:54:14,385 [main] WARN  org.flywaydb.core.internal.command.DbValidate(warn:53) - No migrations found. Are your locations set up correctly?
2021-05-17 11:54:14,411 [main] INFO  org.flywaydb.core.internal.command.DbMigrate(info:49) - Current version of schema `trdst`: << Empty Schema >>
2021-05-17 11:54:14,415 [main] INFO  org.flywaydb.core.internal.command.DbMigrate(info:49) - Schema `trdst` is up to date. No migration necessary.
2021-05-17 11:54:14,501 [main] INFO  org.springframework.scheduling.concurrent.ThreadPoolTaskExecutor(initialize:181) - Initializing ExecutorService 'applicationTaskExecutor'
2021-05-17 11:54:14,562 [task-1] INFO  org.hibernate.jpa.internal.util.LogHelper(logPersistenceUnitInformation:31) - HHH000204: Processing PersistenceUnitInfo [name: default]
2021-05-17 11:54:14,698 [task-1] INFO  org.hibernate.Version(logVersion:46) - HHH000412: Hibernate Core {5.4.2.Final}
2021-05-17 11:54:14,750 [main] WARN  org.springframework.boot.autoconfigure.orm.jpa.JpaBaseConfiguration$JpaWebConfiguration(openEntityManagerInViewInterceptor:220) - spring.jpa.open-in-view is enabled by default. Therefore, database queries may be performed during view rendering. Explicitly configure spring.jpa.open-in-view to disable this warning
2021-05-17 11:54:14,938 [task-1] INFO  org.hibernate.annotations.common.Version(<clinit>:49) - HCANN000001: Hibernate Commons Annotations {5.1.0.Final}
2021-05-17 11:54:15,113 [task-1] INFO  org.hibernate.dialect.Dialect(<init>:158) - HHH000400: Using dialect: org.hibernate.dialect.MySQL5InnoDBDialect
2021-05-17 11:54:15,310 [task-1] INFO  org.hibernate.engine.transaction.jta.platform.internal.JtaPlatformInitiator(initiateService:52) - HHH000490: Using JtaPlatform implementation: [org.hibernate.engine.transaction.jta.platform.internal.NoJtaPlatform]
2021-05-17 11:54:15,326 [task-1] INFO  org.springframework.orm.jpa.LocalContainerEntityManagerFactoryBean(buildNativeEntityManagerFactory:416) - Initialized JPA EntityManagerFactory for persistence unit 'default'
2021-05-17 11:54:15,357 [main] INFO  org.springframework.boot.autoconfigure.security.servlet.UserDetailsServiceAutoConfiguration(getOrDeducePassword:86) - 

Using generated security password: 9d91a3b6-44ea-4322-b360-21809b37368a

2021-05-17 11:54:15,451 [main] INFO  org.springframework.security.web.DefaultSecurityFilterChain(<init>:43) - Creating filter chain: any request, [org.springframework.security.web.context.request.async.WebAsyncManagerIntegrationFilter@2291d9a0, org.springframework.security.web.context.SecurityContextPersistenceFilter@511f5b1d, org.springframework.security.web.header.HeaderWriterFilter@5e230fc6, org.springframework.security.web.csrf.CsrfFilter@2091833, org.springframework.security.web.authentication.logout.LogoutFilter@6975fb1c, org.springframework.security.web.authentication.UsernamePasswordAuthenticationFilter@3f6f3cc, org.springframework.security.web.authentication.ui.DefaultLoginPageGeneratingFilter@7ccfdaef, org.springframework.security.web.authentication.ui.DefaultLogoutPageGeneratingFilter@5e26f1ed, org.springframework.security.web.authentication.www.BasicAuthenticationFilter@4de79b7d, org.springframework.security.web.savedrequest.RequestCacheAwareFilter@7a687d8d, org.springframework.security.web.servletapi.SecurityContextHolderAwareRequestFilter@2693c618, org.springframework.security.web.authentication.AnonymousAuthenticationFilter@39666e42, org.springframework.security.web.session.SessionManagementFilter@ca8ef3a, org.springframework.security.web.access.ExceptionTranslationFilter@c7f4457, org.springframework.security.web.access.intercept.FilterSecurityInterceptor@1450131a]
2021-05-17 11:54:15,482 [main] INFO  org.apache.coyote.http11.Http11NioProtocol(log:173) - Starting ProtocolHandler ["http-nio-8081"]
2021-05-17 11:54:15,498 [main] INFO  org.springframework.boot.web.embedded.tomcat.TomcatWebServer(start:220) - Tomcat started on port(s): 8081 (http) with context path ''
2021-05-17 11:54:15,498 [main] INFO  org.springframework.data.repository.config.DeferredRepositoryInitializationListener(onApplicationEvent:49) - Triggering deferred initialization of Spring Data repositories…
2021-05-17 11:54:15,498 [main] INFO  org.springframework.data.repository.config.DeferredRepositoryInitializationListener(onApplicationEvent:53) - Spring Data repositories initialized!
2021-05-17 11:54:15,498 [main] INFO  io.spring.backoffice_batch.BackofficeBatchApplication(logStarted:61) - Started BackofficeBatchApplication in 3.674 seconds (JVM running for 5.076)
